
                         MODELLER 10.1, 2021/03/12, r12156

     PROTEIN STRUCTURE MODELLING BY SATISFACTION OF SPATIAL RESTRAINTS


                     Copyright(c) 1989-2021 Andrej Sali
                            All Rights Reserved

                             Written by A. Sali
                               with help from
              B. Webb, M.S. Madhusudhan, M-Y. Shen, G.Q. Dong,
          M.A. Marti-Renom, N. Eswar, F. Alber, M. Topf, B. Oliva,
             A. Fiser, R. Sanchez, B. Yerkovich, A. Badretdinov,
                     F. Melo, J.P. Overington, E. Feyfant
                 University of California, San Francisco, USA
                    Rockefeller University, New York, USA
                      Harvard University, Cambridge, USA
                   Imperial Cancer Research Fund, London, UK
              Birkbeck College, University of London, London, UK


Kind, OS, HostName, Kernel, Processor: 4, Linux bioinf 5.15.0-73-generic x86_64
Date and time of compilation         : 2021/03/12 00:18:43
MODELLER executable type             : x86_64-intel8
Job starting time (YY/MM/DD HH:MM:SS): 2023/08/05 17:09:47

openf___224_> Open           $(LIB)/restyp.lib
openf___224_> Open           ${MODINSTALL10v1}/modlib/resgrp.lib
rdresgr_266_> Number of residue groups:        2
openf___224_> Open           ${MODINSTALL10v1}/modlib/sstruc.lib

Dynamically allocated memory at   amaxlibraries [B,KiB,MiB]:       191566     187.076     0.183

Dynamically allocated memory at   amaxlibraries [B,KiB,MiB]:       192094     187.592     0.183
openf___224_> Open           ${MODINSTALL10v1}/modlib/resdih.lib

Dynamically allocated memory at   amaxlibraries [B,KiB,MiB]:       240694     235.053     0.230
rdrdih__263_> Number of dihedral angle types         :        9
              Maximal number of dihedral angle optima:        3
              Dihedral angle names                   :  Alph Phi Psi Omeg chi1 chi2 chi3 chi4 chi5
openf___224_> Open           ${MODINSTALL10v1}/modlib/radii.lib

Dynamically allocated memory at   amaxlibraries [B,KiB,MiB]:       253994     248.041     0.242
openf___224_> Open           ${MODINSTALL10v1}/modlib/af_mnchdef.lib
rdwilmo_274_> Mainchain residue conformation classes:  APBLE
openf___224_> Open           ${MODINSTALL10v1}/modlib/mnch.lib
rdclass_257_> Number of classes:        5
openf___224_> Open           ${MODINSTALL10v1}/modlib/mnch1.lib
openf___224_> Open           ${MODINSTALL10v1}/modlib/mnch2.lib
openf___224_> Open           ${MODINSTALL10v1}/modlib/mnch3.lib
openf___224_> Open           ${MODINSTALL10v1}/modlib/xs4.mat
rdrrwgh_268_> Number of residue types:       21
openf___224_> Open           $(LIB)/top_heav.lib
read_to_681_> topology.submodel read from topology file:        3
openf___224_> Open           $(LIB)/par.lib

Dynamically allocated memory at  amaxparameters [B,KiB,MiB]:       393438     384.217     0.375

Dynamically allocated memory at  amaxparameters [B,KiB,MiB]:       395038     385.779     0.377

Dynamically allocated memory at  amaxparameters [B,KiB,MiB]:       399018     389.666     0.381

Dynamically allocated memory at  amaxparameters [B,KiB,MiB]:       401018     391.619     0.382

Dynamically allocated memory at  amaxparameters [B,KiB,MiB]:       404018     394.549     0.385

Dynamically allocated memory at  amaxparameters [B,KiB,MiB]:       408518     398.943     0.390

Dynamically allocated memory at  amaxparameters [B,KiB,MiB]:       414090     404.385     0.395

Dynamically allocated memory at  amaxparameters [B,KiB,MiB]:       416890     407.119     0.398

Dynamically allocated memory at  amaxparameters [B,KiB,MiB]:       421090     411.221     0.402

Dynamically allocated memory at  amaxparameters [B,KiB,MiB]:       427390     417.373     0.408

Dynamically allocated memory at  amaxparameters [B,KiB,MiB]:       430162     420.080     0.410

Dynamically allocated memory at  amaxparameters [B,KiB,MiB]:       431562     421.447     0.412
read_pa_232_> parameters    BONDS   ANGLS  DIHEDS IMPROPS    MODE
                              227     561     661     112       0
openf___224_> Open           1b8p_fit.pdb

Dynamically allocated memory at amaxcoordinates [B,KiB,MiB]:       442599     432.226     0.422

Dynamically allocated memory at    amaxsequence [B,KiB,MiB]:       442675     432.300     0.422

Dynamically allocated memory at amaxcoordinates [B,KiB,MiB]:       442846     432.467     0.422

Dynamically allocated memory at amaxcoordinates [B,KiB,MiB]:       443696     433.297     0.423

Dynamically allocated memory at amaxcoordinates [B,KiB,MiB]:       444954     434.525     0.424

Dynamically allocated memory at amaxcoordinates [B,KiB,MiB]:       446858     436.385     0.426

Dynamically allocated memory at    amaxsequence [B,KiB,MiB]:       446898     436.424     0.426

Dynamically allocated memory at amaxcoordinates [B,KiB,MiB]:       446988     436.512     0.426

Dynamically allocated memory at amaxcoordinates [B,KiB,MiB]:       449844     439.301     0.429

Dynamically allocated memory at    amaxsequence [B,KiB,MiB]:       449904     439.359     0.429

Dynamically allocated memory at amaxcoordinates [B,KiB,MiB]:       450039     439.491     0.429

Dynamically allocated memory at amaxcoordinates [B,KiB,MiB]:       454323     443.675     0.433

Dynamically allocated memory at    amaxsequence [B,KiB,MiB]:       454411     443.761     0.433

Dynamically allocated memory at amaxcoordinates [B,KiB,MiB]:       454609     443.954     0.434

Dynamically allocated memory at amaxcoordinates [B,KiB,MiB]:       461035     450.229     0.440

Dynamically allocated memory at    amaxsequence [B,KiB,MiB]:       461167     450.358     0.440

Dynamically allocated memory at amaxcoordinates [B,KiB,MiB]:       461464     450.648     0.440

Dynamically allocated memory at amaxcoordinates [B,KiB,MiB]:       471086     460.045     0.449

Dynamically allocated memory at    amaxsequence [B,KiB,MiB]:       471286     460.240     0.449

Dynamically allocated memory at amaxcoordinates [B,KiB,MiB]:       471736     460.680     0.450

Dynamically allocated memory at amaxcoordinates [B,KiB,MiB]:       486186     474.791     0.464

Dynamically allocated memory at    amaxsequence [B,KiB,MiB]:       486486     475.084     0.464

Dynamically allocated memory at amaxcoordinates [B,KiB,MiB]:       487161     475.743     0.465

Dynamically allocated memory at amaxcoordinates [B,KiB,MiB]:       508819     496.894     0.485

Dynamically allocated memory at    amaxsequence [B,KiB,MiB]:       509267     497.331     0.486

Dynamically allocated memory at amaxcoordinates [B,KiB,MiB]:       510275     498.315     0.487

Dynamically allocated memory at amaxcoordinates [B,KiB,MiB]:       542779     530.058     0.518

Dynamically allocated memory at       amaxmodel [B,KiB,MiB]:       774651     756.495     0.739
read_mo_297_> Segments, residues, atoms:        1      327     2461
read_mo_298_> Segment:        1  3:A  329:A     2461

Dynamically allocated memory at   amaxalignment [B,KiB,MiB]:       785086     766.686     0.749

Dynamically allocated memory at   amaxstructure [B,KiB,MiB]:       971123     948.362     0.926

Dynamically allocated memory at   amaxalignment [B,KiB,MiB]:       974634     951.791     0.929

Dynamically allocated memory at   amaxstructure [B,KiB,MiB]:      1160671    1133.468     1.107

Dynamically allocated memory at       amaxmodel [B,KiB,MiB]:      1196991    1168.937     1.142

mkilst______> segment topology constructed from sequence and RTF:
              segments residues  atoms  bonds angles dihedrals impropers:
                     1      327   2460   2506      0         0      1017

Dynamically allocated memory at       amaxmodel [B,KiB,MiB]:      1301951    1271.437     1.242

patch_______> segment topology patched using RTF:  1 ;  LYS  ;  NTER
              segments residues  atoms  bonds angles dihedrals impropers:
                     1      327   2460   2506   3401      4011      1017


Dynamically allocated memory at       amaxmodel [B,KiB,MiB]:      1412431    1379.327     1.347
patch_______> segment topology patched using RTF:  327 ;  GLY  ;  CTER
              segments residues  atoms  bonds angles dihedrals impropers:
                     1      327   2461   2507   3403      4012      1018

genseg______> segment topology constructed from sequence and RTF:
              segments residues  atoms  bonds angles dihedrals impropers:
                     1      327   2461   2507   3403      4012      1018
transfe_506_> MODEL is an average of all templates.
transfe_511_> Number of templates for coordinate transfer:        1
              After transferring coordinates of the equivalent template atoms,
              there are defined, undefined atoms in MODEL:     2461        0
openf___224_> Open           ${LIB}/atmcls-mf.lib

Dynamically allocated memory at amaxgroup_restr [B,KiB,MiB]:      1026839    1002.772     0.979

Dynamically allocated memory at amaxgroup_restr [B,KiB,MiB]:      1026903    1002.835     0.979

Dynamically allocated memory at amaxgroup_restr [B,KiB,MiB]:      1026961    1002.892     0.979

Dynamically allocated memory at amaxgroup_restr [B,KiB,MiB]:      1027025    1002.954     0.979

Dynamically allocated memory at amaxgroup_restr [B,KiB,MiB]:      1027091    1003.019     0.980

Dynamically allocated memory at amaxgroup_restr [B,KiB,MiB]:      1027155    1003.081     0.980

Dynamically allocated memory at amaxgroup_restr [B,KiB,MiB]:      1027311    1003.233     0.980

Dynamically allocated memory at amaxgroup_restr [B,KiB,MiB]:      1027439    1003.358     0.980

Dynamically allocated memory at amaxgroup_restr [B,KiB,MiB]:      1027733    1003.646     0.980

Dynamically allocated memory at amaxgroup_restr [B,KiB,MiB]:      1027925    1003.833     0.980

Dynamically allocated memory at amaxgroup_restr [B,KiB,MiB]:      1028429    1004.325     0.981

Dynamically allocated memory at amaxgroup_restr [B,KiB,MiB]:      1028685    1004.575     0.981

Dynamically allocated memory at amaxgroup_restr [B,KiB,MiB]:      1029681    1005.548     0.982

Dynamically allocated memory at amaxgroup_restr [B,KiB,MiB]:      1030065    1005.923     0.982

Dynamically allocated memory at amaxgroup_restr [B,KiB,MiB]:      1030641    1006.485     0.983

Dynamically allocated memory at amaxgroup_restr [B,KiB,MiB]:      1032675    1008.472     0.985

Dynamically allocated memory at amaxgroup_restr [B,KiB,MiB]:      1033571    1009.347     0.986

Dynamically allocated memory at amaxgroup_restr [B,KiB,MiB]:      1038023    1013.694     0.990

Dynamically allocated memory at amaxgroup_restr [B,KiB,MiB]:      1039367    1015.007     0.991

Dynamically allocated memory at amaxgroup_restr [B,KiB,MiB]:      1048985    1024.399     1.000

Dynamically allocated memory at amaxgroup_restr [B,KiB,MiB]:      1050969    1026.337     1.002

Dynamically allocated memory at amaxgroup_restr [B,KiB,MiB]:      1071615    1046.499     1.022

Dynamically allocated memory at amaxgroup_restr [B,KiB,MiB]:      1074623    1049.437     1.025

Dynamically allocated memory at amaxgroup_restr [B,KiB,MiB]:      1120589    1094.325     1.069

Dynamically allocated memory at amaxgroup_restr [B,KiB,MiB]:      1125069    1098.700     1.073

Dynamically allocated memory at amaxgroup_restr [B,KiB,MiB]:      1226289    1197.548     1.169
openf___224_> Open           ${LIB}/dist-mf.lib

Dynamically allocated memory at amaxgroup_restr [B,KiB,MiB]:      1226685    1197.935     1.170

Dynamically allocated memory at amaxgroup_restr [B,KiB,MiB]:      1227481    1198.712     1.171

Dynamically allocated memory at amaxgroup_restr [B,KiB,MiB]:      1228277    1199.489     1.171

Dynamically allocated memory at amaxgroup_restr [B,KiB,MiB]:      1229465    1200.649     1.173

Dynamically allocated memory at amaxgroup_restr [B,KiB,MiB]:      1229865    1201.040     1.173

Dynamically allocated memory at amaxgroup_restr [B,KiB,MiB]:      1230465    1201.626     1.173

Dynamically allocated memory at amaxgroup_restr [B,KiB,MiB]:      1231365    1202.505     1.174

Dynamically allocated memory at amaxgroup_restr [B,KiB,MiB]:      1232713    1203.821     1.176

Dynamically allocated memory at amaxgroup_restr [B,KiB,MiB]:      1232913    1204.017     1.176

Dynamically allocated memory at amaxgroup_restr [B,KiB,MiB]:      1234937    1205.993     1.178

Dynamically allocated memory at amaxgroup_restr [B,KiB,MiB]:      1235237    1206.286     1.178

Dynamically allocated memory at amaxgroup_restr [B,KiB,MiB]:      1238273    1209.251     1.181

Dynamically allocated memory at amaxgroup_restr [B,KiB,MiB]:      1238721    1209.688     1.181

Dynamically allocated memory at amaxgroup_restr [B,KiB,MiB]:      1243273    1214.134     1.186

Dynamically allocated memory at amaxgroup_restr [B,KiB,MiB]:      1243945    1214.790     1.186

Dynamically allocated memory at amaxgroup_restr [B,KiB,MiB]:      1250773    1221.458     1.193

Dynamically allocated memory at amaxgroup_restr [B,KiB,MiB]:      1251781    1222.442     1.194

Dynamically allocated memory at amaxgroup_restr [B,KiB,MiB]:      1262025    1232.446     1.204

Dynamically allocated memory at amaxgroup_restr [B,KiB,MiB]:      1262625    1233.032     1.204

Dynamically allocated memory at amaxgroup_restr [B,KiB,MiB]:      1263025    1233.423     1.205

Dynamically allocated memory at amaxgroup_restr [B,KiB,MiB]:      1264537    1234.899     1.206

Dynamically allocated memory at amaxgroup_restr [B,KiB,MiB]:      1279901    1249.903     1.221

Dynamically allocated memory at amaxgroup_restr [B,KiB,MiB]:      1280801    1250.782     1.221

Dynamically allocated memory at amaxgroup_restr [B,KiB,MiB]:      1281401    1251.368     1.222

Dynamically allocated memory at amaxgroup_restr [B,KiB,MiB]:      1283669    1253.583     1.224

Dynamically allocated memory at amaxgroup_restr [B,KiB,MiB]:      1306717    1276.091     1.246

Dynamically allocated memory at amaxgroup_restr [B,KiB,MiB]:      1308061    1277.403     1.247

Dynamically allocated memory at amaxgroup_restr [B,KiB,MiB]:      1308961    1278.282     1.248

Dynamically allocated memory at amaxgroup_restr [B,KiB,MiB]:      1312365    1281.606     1.252

Dynamically allocated memory at amaxgroup_restr [B,KiB,MiB]:      1346937    1315.368     1.285

Dynamically allocated memory at amaxgroup_restr [B,KiB,MiB]:      1348953    1317.337     1.286

Dynamically allocated memory at amaxgroup_restr [B,KiB,MiB]:      1350301    1318.653     1.288

Dynamically allocated memory at amaxgroup_restr [B,KiB,MiB]:      1355405    1323.638     1.293

Dynamically allocated memory at amaxgroup_restr [B,KiB,MiB]:      1407261    1374.278     1.342

Dynamically allocated memory at amaxgroup_restr [B,KiB,MiB]:      1410285    1377.231     1.345

Dynamically allocated memory at amaxgroup_restr [B,KiB,MiB]:      1412309    1379.208     1.347

Dynamically allocated memory at amaxgroup_restr [B,KiB,MiB]:      1419965    1386.685     1.354

Dynamically allocated memory at amaxgroup_restr [B,KiB,MiB]:      1497749    1462.646     1.428

Dynamically allocated memory at amaxgroup_restr [B,KiB,MiB]:      1502285    1467.075     1.433

Dynamically allocated memory at amaxgroup_restr [B,KiB,MiB]:      1505321    1470.040     1.436

Dynamically allocated memory at amaxgroup_restr [B,KiB,MiB]:      1516805    1481.255     1.447

Dynamically allocated memory at amaxgroup_restr [B,KiB,MiB]:      1633481    1595.196     1.558

Dynamically allocated memory at amaxgroup_restr [B,KiB,MiB]:      1640285    1601.841     1.564

Dynamically allocated memory at amaxgroup_restr [B,KiB,MiB]:      1644837    1606.286     1.569

Dynamically allocated memory at amaxgroup_restr [B,KiB,MiB]:      1662065    1623.110     1.585

Dynamically allocated memory at amaxgroup_restr [B,KiB,MiB]:      1837081    1794.024     1.752

Dynamically allocated memory at amaxgroup_restr [B,KiB,MiB]:      1847293    1803.997     1.762

Dynamically allocated memory at amaxgroup_restr [B,KiB,MiB]:      1854121    1810.665     1.768

Dynamically allocated memory at amaxgroup_restr [B,KiB,MiB]:      1879961    1835.899     1.793

Dynamically allocated memory at amaxgroup_restr [B,KiB,MiB]:      2142485    2092.271     2.043

Dynamically allocated memory at amaxgroup_restr [B,KiB,MiB]:      2157797    2107.224     2.058

Dynamically allocated memory at amaxgroup_restr [B,KiB,MiB]:      2168041    2117.228     2.068

Dynamically allocated memory at amaxgroup_restr [B,KiB,MiB]:      2206801    2155.079     2.105

Dynamically allocated memory at amaxgroup_restr [B,KiB,MiB]:      2600585    2539.634     2.480

Dynamically allocated memory at amaxgroup_restr [B,KiB,MiB]:      2623553    2562.063     2.502

Dynamically allocated memory at amaxgroup_restr [B,KiB,MiB]:      2638917    2577.067     2.517

Dynamically allocated memory at amaxgroup_restr [B,KiB,MiB]:      2697057    2633.845     2.572

Dynamically allocated memory at amaxgroup_restr [B,KiB,MiB]:      3287733    3210.677     3.135

Dynamically allocated memory at amaxgroup_restr [B,KiB,MiB]:      3322185    3244.321     3.168

Dynamically allocated memory at amaxgroup_restr [B,KiB,MiB]:      3345233    3266.829     3.190

Dynamically allocated memory at amaxgroup_restr [B,KiB,MiB]:      3432445    3351.997     3.273

Dynamically allocated memory at amaxgroup_restr [B,KiB,MiB]:      4318461    4217.247     4.118

Dynamically allocated memory at amaxgroup_restr [B,KiB,MiB]:      4370145    4267.720     4.168

Dynamically allocated memory at amaxgroup_restr [B,KiB,MiB]:      4404717    4301.481     4.201

Dynamically allocated memory at amaxgroup_restr [B,KiB,MiB]:      4535533    4429.231     4.325

Dynamically allocated memory at amaxgroup_restr [B,KiB,MiB]:      5864557    5727.106     5.593
read_pa_232_> parameters    BONDS   ANGLS  DIHEDS IMPROPS    MODE
                                0       0       0       0   12561
>> Model assessment by DOPE potential
iatmcls_286W> MODEL atom not classified:  GLY:OXT  GLY
preppdf_453W> No fixed restraints selected; there may be some dynamic ones.
preppdf_454W> Restraints file was probably not read; use restraints.append().

Dynamically allocated memory at amaxhash_contac [B,KiB,MiB]:      6573449    6419.384     6.269

Dynamically allocated memory at  amaxrestraints [B,KiB,MiB]:      6925117    6762.810     6.604

Dynamically allocated memory at  amaxrestraints [B,KiB,MiB]:      6984181    6820.489     6.661

Dynamically allocated memory at  amaxrestraints [B,KiB,MiB]:      7102309    6935.849     6.773

Dynamically allocated memory at  amaxrestraints [B,KiB,MiB]:      7338565    7166.567     6.999

Dynamically allocated memory at  amaxrestraints [B,KiB,MiB]:      7811077    7628.005     7.449

Dynamically allocated memory at  amaxrestraints [B,KiB,MiB]:      8756101    8550.880     8.350

Dynamically allocated memory at  amaxrestraints [B,KiB,MiB]:     10646149   10396.630    10.153

Dynamically allocated memory at  amaxrestraints [B,KiB,MiB]:     14426245   14088.130    13.758


>> ENERGY; Differences between the model's features and restraints:
Number of all residues in MODEL                   :      327
Number of all, selected real atoms                :     2461    2461
Number of all, selected pseudo atoms              :        0       0
Number of all static, selected restraints         :        0       0
COVALENT_CYS                                      :        F
NONBONDED_SEL_ATOMS                               :        1
Number of non-bonded pairs (excluding 1-2,1-3,1-4):   490259
Dynamic pairs routine                             : 1, NATM x NATM double loop
Atomic shift for contacts update (UPDATE_DYNAMIC) :    0.390
LENNARD_JONES_SWITCH                              :    6.500   7.500
COULOMB_JONES_SWITCH                              :    6.500   7.500
RESIDUE_SPAN_RANGE                                :        1    9999
NLOGN_USE                                         :       15
CONTACT_SHELL                                     :   15.000
DYNAMIC_PAIRS,_SPHERE,_COULOMB,_LENNARD,_MODELLER :        T       F       F       F       T
SPHERE_STDV                                       :    0.050
RADII_FACTOR                                      :    0.820
Current energy                                    :      -40246.7656





Summary of the restraint violations: 

   NUM     ... number of restraints.
   NUMVI   ... number of restraints with RVIOL > VIOL_REPORT_CUT[i].
   RVIOL   ... relative difference from the best value.
   NUMVP   ... number of restraints with -Ln(pdf) > VIOL_REPORT_CUT2[i].
   RMS_1   ... RMS(feature, minimally_violated_basis_restraint, NUMB).
   RMS_2   ... RMS(feature, best_value, NUMB).
   MOL.PDF ... scaled contribution to -Ln(Molecular pdf).

 #                     RESTRAINT_GROUP      NUM   NUMVI  NUMVP   RMS_1   RMS_2         MOL.PDF     S_i
------------------------------------------------------------------------------------------------------
 1 Bond length potential              :       0       0      0   0.000   0.000      0.0000       0.000
 2 Bond angle potential               :       0       0      0   0.000   0.000      0.0000       0.000
 3 Stereochemical cosine torsion poten:       0       0      0   0.000   0.000      0.0000       0.000
 4 Stereochemical improper torsion pot:       0       0      0   0.000   0.000      0.0000       0.000
 5 Soft-sphere overlap restraints     :       0       0      0   0.000   0.000      0.0000       0.000
 6 Lennard-Jones 6-12 potential       :       0       0      0   0.000   0.000      0.0000       0.000
 7 Coulomb point-point electrostatic p:       0       0      0   0.000   0.000      0.0000       0.000
 8 H-bonding potential                :       0       0      0   0.000   0.000      0.0000       0.000
 9 Distance restraints 1 (CA-CA)      :       0       0      0   0.000   0.000      0.0000       0.000
10 Distance restraints 2 (N-O)        :       0       0      0   0.000   0.000      0.0000       0.000
11 Mainchain Phi dihedral restraints  :       0       0      0   0.000   0.000      0.0000       0.000
12 Mainchain Psi dihedral restraints  :       0       0      0   0.000   0.000      0.0000       0.000
13 Mainchain Omega dihedral restraints:       0       0      0   0.000   0.000      0.0000       0.000
14 Sidechain Chi_1 dihedral restraints:       0       0      0   0.000   0.000      0.0000       0.000
15 Sidechain Chi_2 dihedral restraints:       0       0      0   0.000   0.000      0.0000       0.000
16 Sidechain Chi_3 dihedral restraints:       0       0      0   0.000   0.000      0.0000       0.000
17 Sidechain Chi_4 dihedral restraints:       0       0      0   0.000   0.000      0.0000       0.000
18 Disulfide distance restraints      :       0       0      0   0.000   0.000      0.0000       0.000
19 Disulfide angle restraints         :       0       0      0   0.000   0.000      0.0000       0.000
20 Disulfide dihedral angle restraints:       0       0      0   0.000   0.000      0.0000       0.000
21 Lower bound distance restraints    :       0       0      0   0.000   0.000      0.0000       0.000
22 Upper bound distance restraints    :       0       0      0   0.000   0.000      0.0000       0.000
23 Distance restraints 3 (SDCH-MNCH)  :       0       0      0   0.000   0.000      0.0000       0.000
24 Sidechain Chi_5 dihedral restraints:       0       0      0   0.000   0.000      0.0000       0.000
25 Phi/Psi pair of dihedral restraints:       0       0      0   0.000   0.000      0.0000       0.000
26 Distance restraints 4 (SDCH-SDCH)  :       0       0      0   0.000   0.000      0.0000       0.000
27 Distance restraints 5 (X-Y)        :       0       0      0   0.000   0.000      0.0000       0.000
28 NMR distance restraints 6 (X-Y)    :       0       0      0   0.000   0.000      0.0000       0.000
29 NMR distance restraints 7 (X-Y)    :       0       0      0   0.000   0.000      0.0000       0.000
30 Minimal distance restraints        :       0       0      0   0.000   0.000      0.0000       0.000
31 Non-bonded restraints              :  490065       0    216   6.899   6.899     -40247.       1.000
32 Atomic accessibility restraints    :       0       0      0   0.000   0.000      0.0000       0.000
33 Atomic density restraints          :       0       0      0   0.000   0.000      0.0000       0.000
34 Absolute position restraints       :       0       0      0   0.000   0.000      0.0000       0.000
35 Dihedral angle difference restraint:       0       0      0   0.000   0.000      0.0000       0.000
36 GBSA implicit solvent potential    :       0       0      0   0.000   0.000      0.0000       0.000
37 EM density fitting potential       :       0       0      0   0.000   0.000      0.0000       0.000
38 SAXS restraints                    :       0       0      0   0.000   0.000      0.0000       0.000
39 Symmetry restraints                :       0       0      0   0.000   0.000      0.0000       0.000
do_prof_492W> Are you sure you want to calculate a normalized energy profile!



openf___224_> Open           1b8p.profile
# Energy of each residue is written to: 1b8p.profile
# The profile IS normalized by the number of restraints.
# The profiles are smoothed over a window of residues:   13
# The sum of all numbers in the file:     -13.4738

<< end of ENERGY.
DOPE score               : -40246.765625

Dynamically allocated memory at          finish [B,KiB,MiB]:     14133473   13802.220    13.479
Starting time                                            : 2023/08/05 17:09:47
Closing time                                             : 2023/08/05 17:09:51
Total CPU time [seconds]                                 :       3.81
