
                         MODELLER 10.1, 2021/03/12, r12156

     PROTEIN STRUCTURE MODELLING BY SATISFACTION OF SPATIAL RESTRAINTS


                     Copyright(c) 1989-2021 Andrej Sali
                            All Rights Reserved

                             Written by A. Sali
                               with help from
              B. Webb, M.S. Madhusudhan, M-Y. Shen, G.Q. Dong,
          M.A. Marti-Renom, N. Eswar, F. Alber, M. Topf, B. Oliva,
             A. Fiser, R. Sanchez, B. Yerkovich, A. Badretdinov,
                     F. Melo, J.P. Overington, E. Feyfant
                 University of California, San Francisco, USA
                    Rockefeller University, New York, USA
                      Harvard University, Cambridge, USA
                   Imperial Cancer Research Fund, London, UK
              Birkbeck College, University of London, London, UK


Kind, OS, HostName, Kernel, Processor: 4, Linux bioinf 5.15.0-73-generic x86_64
Date and time of compilation         : 2021/03/12 00:18:43
MODELLER executable type             : x86_64-intel8
Job starting time (YY/MM/DD HH:MM:SS): 2023/08/05 17:00:06

openf___224_> Open           $(LIB)/restyp.lib
openf___224_> Open           ${MODINSTALL10v1}/modlib/resgrp.lib
rdresgr_266_> Number of residue groups:        2
openf___224_> Open           ${MODINSTALL10v1}/modlib/sstruc.lib

Dynamically allocated memory at   amaxlibraries [B,KiB,MiB]:       191566     187.076     0.183

Dynamically allocated memory at   amaxlibraries [B,KiB,MiB]:       192094     187.592     0.183
openf___224_> Open           ${MODINSTALL10v1}/modlib/resdih.lib

Dynamically allocated memory at   amaxlibraries [B,KiB,MiB]:       240694     235.053     0.230
rdrdih__263_> Number of dihedral angle types         :        9
              Maximal number of dihedral angle optima:        3
              Dihedral angle names                   :  Alph Phi Psi Omeg chi1 chi2 chi3 chi4 chi5
openf___224_> Open           ${MODINSTALL10v1}/modlib/radii.lib

Dynamically allocated memory at   amaxlibraries [B,KiB,MiB]:       253994     248.041     0.242
openf___224_> Open           ${MODINSTALL10v1}/modlib/af_mnchdef.lib
rdwilmo_274_> Mainchain residue conformation classes:  APBLE
openf___224_> Open           ${MODINSTALL10v1}/modlib/mnch.lib
rdclass_257_> Number of classes:        5
openf___224_> Open           ${MODINSTALL10v1}/modlib/mnch1.lib
openf___224_> Open           ${MODINSTALL10v1}/modlib/mnch2.lib
openf___224_> Open           ${MODINSTALL10v1}/modlib/mnch3.lib
openf___224_> Open           ${MODINSTALL10v1}/modlib/xs4.mat
rdrrwgh_268_> Number of residue types:       21
openf___224_> Open           $(LIB)/top_heav.lib
read_to_681_> topology.submodel read from topology file:        3
openf___224_> Open           $(LIB)/par.lib

Dynamically allocated memory at  amaxparameters [B,KiB,MiB]:       393438     384.217     0.375

Dynamically allocated memory at  amaxparameters [B,KiB,MiB]:       395038     385.779     0.377

Dynamically allocated memory at  amaxparameters [B,KiB,MiB]:       399018     389.666     0.381

Dynamically allocated memory at  amaxparameters [B,KiB,MiB]:       401018     391.619     0.382

Dynamically allocated memory at  amaxparameters [B,KiB,MiB]:       404018     394.549     0.385

Dynamically allocated memory at  amaxparameters [B,KiB,MiB]:       408518     398.943     0.390

Dynamically allocated memory at  amaxparameters [B,KiB,MiB]:       414090     404.385     0.395

Dynamically allocated memory at  amaxparameters [B,KiB,MiB]:       416890     407.119     0.398

Dynamically allocated memory at  amaxparameters [B,KiB,MiB]:       421090     411.221     0.402

Dynamically allocated memory at  amaxparameters [B,KiB,MiB]:       427390     417.373     0.408

Dynamically allocated memory at  amaxparameters [B,KiB,MiB]:       430162     420.080     0.410

Dynamically allocated memory at  amaxparameters [B,KiB,MiB]:       431562     421.447     0.412
read_pa_232_> parameters    BONDS   ANGLS  DIHEDS IMPROPS    MODE
                              227     561     661     112       0
openf___224_> Open           Model.B99990003.pdb

Dynamically allocated memory at amaxcoordinates [B,KiB,MiB]:       442599     432.226     0.422

Dynamically allocated memory at    amaxsequence [B,KiB,MiB]:       442675     432.300     0.422

Dynamically allocated memory at amaxcoordinates [B,KiB,MiB]:       442846     432.467     0.422

Dynamically allocated memory at amaxcoordinates [B,KiB,MiB]:       443696     433.297     0.423

Dynamically allocated memory at amaxcoordinates [B,KiB,MiB]:       444954     434.525     0.424

Dynamically allocated memory at amaxcoordinates [B,KiB,MiB]:       446858     436.385     0.426

Dynamically allocated memory at    amaxsequence [B,KiB,MiB]:       446898     436.424     0.426

Dynamically allocated memory at amaxcoordinates [B,KiB,MiB]:       446988     436.512     0.426

Dynamically allocated memory at amaxcoordinates [B,KiB,MiB]:       449844     439.301     0.429

Dynamically allocated memory at    amaxsequence [B,KiB,MiB]:       449904     439.359     0.429

Dynamically allocated memory at amaxcoordinates [B,KiB,MiB]:       450039     439.491     0.429

Dynamically allocated memory at amaxcoordinates [B,KiB,MiB]:       454323     443.675     0.433

Dynamically allocated memory at    amaxsequence [B,KiB,MiB]:       454411     443.761     0.433

Dynamically allocated memory at amaxcoordinates [B,KiB,MiB]:       454609     443.954     0.434

Dynamically allocated memory at amaxcoordinates [B,KiB,MiB]:       461035     450.229     0.440

Dynamically allocated memory at    amaxsequence [B,KiB,MiB]:       461167     450.358     0.440

Dynamically allocated memory at amaxcoordinates [B,KiB,MiB]:       461464     450.648     0.440

Dynamically allocated memory at amaxcoordinates [B,KiB,MiB]:       471086     460.045     0.449

Dynamically allocated memory at    amaxsequence [B,KiB,MiB]:       471286     460.240     0.449

Dynamically allocated memory at amaxcoordinates [B,KiB,MiB]:       471736     460.680     0.450

Dynamically allocated memory at amaxcoordinates [B,KiB,MiB]:       486186     474.791     0.464

Dynamically allocated memory at    amaxsequence [B,KiB,MiB]:       486486     475.084     0.464

Dynamically allocated memory at amaxcoordinates [B,KiB,MiB]:       487161     475.743     0.465

Dynamically allocated memory at amaxcoordinates [B,KiB,MiB]:       508819     496.894     0.485

Dynamically allocated memory at    amaxsequence [B,KiB,MiB]:       509267     497.331     0.486

Dynamically allocated memory at amaxcoordinates [B,KiB,MiB]:       510275     498.315     0.487

Dynamically allocated memory at amaxcoordinates [B,KiB,MiB]:       542779     530.058     0.518

Dynamically allocated memory at       amaxmodel [B,KiB,MiB]:       774651     756.495     0.739
read_mo_297_> Segments, residues, atoms:        1      335     2605
read_mo_298_> Segment:        1  1:A  335:A     2605

Dynamically allocated memory at   amaxalignment [B,KiB,MiB]:       785318     766.912     0.749

Dynamically allocated memory at   amaxstructure [B,KiB,MiB]:       978755     955.815     0.933

Dynamically allocated memory at   amaxalignment [B,KiB,MiB]:       982338     959.314     0.937

Dynamically allocated memory at   amaxstructure [B,KiB,MiB]:      1175775    1148.218     1.121

Dynamically allocated memory at       amaxmodel [B,KiB,MiB]:      1215311    1186.827     1.159

mkilst______> segment topology constructed from sequence and RTF:
              segments residues  atoms  bonds angles dihedrals impropers:
                     1      335   2604   2670      0         0      1136

Dynamically allocated memory at       amaxmodel [B,KiB,MiB]:      1327767    1296.647     1.266

patch_______> segment topology patched using RTF:  1 ;  MET  ;  NTER
              segments residues  atoms  bonds angles dihedrals impropers:
                     1      335   2604   2670   3623      4313      1136


Dynamically allocated memory at       amaxmodel [B,KiB,MiB]:      1438247    1404.538     1.372
patch_______> segment topology patched using RTF:  335 ;  GLY  ;  CTER
              segments residues  atoms  bonds angles dihedrals impropers:
                     1      335   2605   2671   3625      4314      1137

genseg______> segment topology constructed from sequence and RTF:
              segments residues  atoms  bonds angles dihedrals impropers:
                     1      335   2605   2671   3625      4314      1137
transfe_506_> MODEL is an average of all templates.
transfe_511_> Number of templates for coordinate transfer:        1
              After transferring coordinates of the equivalent template atoms,
              there are defined, undefined atoms in MODEL:     2605        0
openf___224_> Open           ${LIB}/atmcls-mf.lib

Dynamically allocated memory at amaxgroup_restr [B,KiB,MiB]:      1037551    1013.233     0.989

Dynamically allocated memory at amaxgroup_restr [B,KiB,MiB]:      1037615    1013.296     0.990

Dynamically allocated memory at amaxgroup_restr [B,KiB,MiB]:      1037673    1013.353     0.990

Dynamically allocated memory at amaxgroup_restr [B,KiB,MiB]:      1037737    1013.415     0.990

Dynamically allocated memory at amaxgroup_restr [B,KiB,MiB]:      1037803    1013.479     0.990

Dynamically allocated memory at amaxgroup_restr [B,KiB,MiB]:      1037867    1013.542     0.990

Dynamically allocated memory at amaxgroup_restr [B,KiB,MiB]:      1038023    1013.694     0.990

Dynamically allocated memory at amaxgroup_restr [B,KiB,MiB]:      1038151    1013.819     0.990

Dynamically allocated memory at amaxgroup_restr [B,KiB,MiB]:      1038445    1014.106     0.990

Dynamically allocated memory at amaxgroup_restr [B,KiB,MiB]:      1038637    1014.294     0.991

Dynamically allocated memory at amaxgroup_restr [B,KiB,MiB]:      1039141    1014.786     0.991

Dynamically allocated memory at amaxgroup_restr [B,KiB,MiB]:      1039397    1015.036     0.991

Dynamically allocated memory at amaxgroup_restr [B,KiB,MiB]:      1040393    1016.009     0.992

Dynamically allocated memory at amaxgroup_restr [B,KiB,MiB]:      1040777    1016.384     0.993

Dynamically allocated memory at amaxgroup_restr [B,KiB,MiB]:      1041353    1016.946     0.993

Dynamically allocated memory at amaxgroup_restr [B,KiB,MiB]:      1043387    1018.933     0.995

Dynamically allocated memory at amaxgroup_restr [B,KiB,MiB]:      1044283    1019.808     0.996

Dynamically allocated memory at amaxgroup_restr [B,KiB,MiB]:      1048735    1024.155     1.000

Dynamically allocated memory at amaxgroup_restr [B,KiB,MiB]:      1050079    1025.468     1.001

Dynamically allocated memory at amaxgroup_restr [B,KiB,MiB]:      1059697    1034.860     1.011

Dynamically allocated memory at amaxgroup_restr [B,KiB,MiB]:      1061681    1036.798     1.012

Dynamically allocated memory at amaxgroup_restr [B,KiB,MiB]:      1082327    1056.960     1.032

Dynamically allocated memory at amaxgroup_restr [B,KiB,MiB]:      1085335    1059.897     1.035

Dynamically allocated memory at amaxgroup_restr [B,KiB,MiB]:      1131301    1104.786     1.079

Dynamically allocated memory at amaxgroup_restr [B,KiB,MiB]:      1135781    1109.161     1.083

Dynamically allocated memory at amaxgroup_restr [B,KiB,MiB]:      1237001    1208.009     1.180
openf___224_> Open           ${LIB}/dist-mf.lib

Dynamically allocated memory at amaxgroup_restr [B,KiB,MiB]:      1237397    1208.396     1.180

Dynamically allocated memory at amaxgroup_restr [B,KiB,MiB]:      1238193    1209.173     1.181

Dynamically allocated memory at amaxgroup_restr [B,KiB,MiB]:      1238989    1209.950     1.182

Dynamically allocated memory at amaxgroup_restr [B,KiB,MiB]:      1240177    1211.110     1.183

Dynamically allocated memory at amaxgroup_restr [B,KiB,MiB]:      1240577    1211.501     1.183

Dynamically allocated memory at amaxgroup_restr [B,KiB,MiB]:      1241177    1212.087     1.184

Dynamically allocated memory at amaxgroup_restr [B,KiB,MiB]:      1242077    1212.966     1.185

Dynamically allocated memory at amaxgroup_restr [B,KiB,MiB]:      1243425    1214.282     1.186

Dynamically allocated memory at amaxgroup_restr [B,KiB,MiB]:      1243625    1214.478     1.186

Dynamically allocated memory at amaxgroup_restr [B,KiB,MiB]:      1245649    1216.454     1.188

Dynamically allocated memory at amaxgroup_restr [B,KiB,MiB]:      1245949    1216.747     1.188

Dynamically allocated memory at amaxgroup_restr [B,KiB,MiB]:      1248985    1219.712     1.191

Dynamically allocated memory at amaxgroup_restr [B,KiB,MiB]:      1249433    1220.149     1.192

Dynamically allocated memory at amaxgroup_restr [B,KiB,MiB]:      1253985    1224.595     1.196

Dynamically allocated memory at amaxgroup_restr [B,KiB,MiB]:      1254657    1225.251     1.197

Dynamically allocated memory at amaxgroup_restr [B,KiB,MiB]:      1261485    1231.919     1.203

Dynamically allocated memory at amaxgroup_restr [B,KiB,MiB]:      1262493    1232.903     1.204

Dynamically allocated memory at amaxgroup_restr [B,KiB,MiB]:      1272737    1242.907     1.214

Dynamically allocated memory at amaxgroup_restr [B,KiB,MiB]:      1273337    1243.493     1.214

Dynamically allocated memory at amaxgroup_restr [B,KiB,MiB]:      1273737    1243.884     1.215

Dynamically allocated memory at amaxgroup_restr [B,KiB,MiB]:      1275249    1245.360     1.216

Dynamically allocated memory at amaxgroup_restr [B,KiB,MiB]:      1290613    1260.364     1.231

Dynamically allocated memory at amaxgroup_restr [B,KiB,MiB]:      1291513    1261.243     1.232

Dynamically allocated memory at amaxgroup_restr [B,KiB,MiB]:      1292113    1261.829     1.232

Dynamically allocated memory at amaxgroup_restr [B,KiB,MiB]:      1294381    1264.044     1.234

Dynamically allocated memory at amaxgroup_restr [B,KiB,MiB]:      1317429    1286.552     1.256

Dynamically allocated memory at amaxgroup_restr [B,KiB,MiB]:      1318773    1287.864     1.258

Dynamically allocated memory at amaxgroup_restr [B,KiB,MiB]:      1319673    1288.743     1.259

Dynamically allocated memory at amaxgroup_restr [B,KiB,MiB]:      1323077    1292.067     1.262

Dynamically allocated memory at amaxgroup_restr [B,KiB,MiB]:      1357649    1325.829     1.295

Dynamically allocated memory at amaxgroup_restr [B,KiB,MiB]:      1359665    1327.798     1.297

Dynamically allocated memory at amaxgroup_restr [B,KiB,MiB]:      1361013    1329.114     1.298

Dynamically allocated memory at amaxgroup_restr [B,KiB,MiB]:      1366117    1334.099     1.303

Dynamically allocated memory at amaxgroup_restr [B,KiB,MiB]:      1417973    1384.739     1.352

Dynamically allocated memory at amaxgroup_restr [B,KiB,MiB]:      1420997    1387.692     1.355

Dynamically allocated memory at amaxgroup_restr [B,KiB,MiB]:      1423021    1389.669     1.357

Dynamically allocated memory at amaxgroup_restr [B,KiB,MiB]:      1430677    1397.146     1.364

Dynamically allocated memory at amaxgroup_restr [B,KiB,MiB]:      1508461    1473.106     1.439

Dynamically allocated memory at amaxgroup_restr [B,KiB,MiB]:      1512997    1477.536     1.443

Dynamically allocated memory at amaxgroup_restr [B,KiB,MiB]:      1516033    1480.501     1.446

Dynamically allocated memory at amaxgroup_restr [B,KiB,MiB]:      1527517    1491.716     1.457

Dynamically allocated memory at amaxgroup_restr [B,KiB,MiB]:      1644193    1605.657     1.568

Dynamically allocated memory at amaxgroup_restr [B,KiB,MiB]:      1650997    1612.302     1.575

Dynamically allocated memory at amaxgroup_restr [B,KiB,MiB]:      1655549    1616.747     1.579

Dynamically allocated memory at amaxgroup_restr [B,KiB,MiB]:      1672777    1633.571     1.595

Dynamically allocated memory at amaxgroup_restr [B,KiB,MiB]:      1847793    1804.485     1.762

Dynamically allocated memory at amaxgroup_restr [B,KiB,MiB]:      1858005    1814.458     1.772

Dynamically allocated memory at amaxgroup_restr [B,KiB,MiB]:      1864833    1821.126     1.778

Dynamically allocated memory at amaxgroup_restr [B,KiB,MiB]:      1890673    1846.360     1.803

Dynamically allocated memory at amaxgroup_restr [B,KiB,MiB]:      2153197    2102.731     2.053

Dynamically allocated memory at amaxgroup_restr [B,KiB,MiB]:      2168509    2117.685     2.068

Dynamically allocated memory at amaxgroup_restr [B,KiB,MiB]:      2178753    2127.688     2.078

Dynamically allocated memory at amaxgroup_restr [B,KiB,MiB]:      2217513    2165.540     2.115

Dynamically allocated memory at amaxgroup_restr [B,KiB,MiB]:      2611297    2550.095     2.490

Dynamically allocated memory at amaxgroup_restr [B,KiB,MiB]:      2634265    2572.524     2.512

Dynamically allocated memory at amaxgroup_restr [B,KiB,MiB]:      2649629    2587.528     2.527

Dynamically allocated memory at amaxgroup_restr [B,KiB,MiB]:      2707769    2644.306     2.582

Dynamically allocated memory at amaxgroup_restr [B,KiB,MiB]:      3298445    3221.138     3.146

Dynamically allocated memory at amaxgroup_restr [B,KiB,MiB]:      3332897    3254.782     3.178

Dynamically allocated memory at amaxgroup_restr [B,KiB,MiB]:      3355945    3277.290     3.200

Dynamically allocated memory at amaxgroup_restr [B,KiB,MiB]:      3443157    3362.458     3.284

Dynamically allocated memory at amaxgroup_restr [B,KiB,MiB]:      4329173    4227.708     4.129

Dynamically allocated memory at amaxgroup_restr [B,KiB,MiB]:      4380857    4278.181     4.178

Dynamically allocated memory at amaxgroup_restr [B,KiB,MiB]:      4415429    4311.942     4.211

Dynamically allocated memory at amaxgroup_restr [B,KiB,MiB]:      4546245    4439.692     4.336

Dynamically allocated memory at amaxgroup_restr [B,KiB,MiB]:      5875269    5737.567     5.603
read_pa_232_> parameters    BONDS   ANGLS  DIHEDS IMPROPS    MODE
                                0       0       0       0   12561
>> Model assessment by DOPE potential
iatmcls_286W> MODEL atom not classified:  GLY:OXT  GLY
preppdf_453W> No fixed restraints selected; there may be some dynamic ones.
preppdf_454W> Restraints file was probably not read; use restraints.append().

Dynamically allocated memory at amaxhash_contac [B,KiB,MiB]:      6625633    6470.345     6.319

Dynamically allocated memory at  amaxrestraints [B,KiB,MiB]:      6980757    6817.146     6.657

Dynamically allocated memory at  amaxrestraints [B,KiB,MiB]:      7043277    6878.200     6.717

Dynamically allocated memory at  amaxrestraints [B,KiB,MiB]:      7168317    7000.310     6.836

Dynamically allocated memory at  amaxrestraints [B,KiB,MiB]:      7418397    7244.528     7.075

Dynamically allocated memory at  amaxrestraints [B,KiB,MiB]:      7918557    7732.966     7.552

Dynamically allocated memory at  amaxrestraints [B,KiB,MiB]:      8918877    8709.841     8.506

Dynamically allocated memory at  amaxrestraints [B,KiB,MiB]:     10919517   10663.591    10.414

Dynamically allocated memory at  amaxrestraints [B,KiB,MiB]:     14920797   14571.091    14.230


>> ENERGY; Differences between the model's features and restraints:
Number of all residues in MODEL                   :      335
Number of all, selected real atoms                :     2605    2605
Number of all, selected pseudo atoms              :        0       0
Number of all static, selected restraints         :        0       0
COVALENT_CYS                                      :        F
NONBONDED_SEL_ATOMS                               :        1
Number of non-bonded pairs (excluding 1-2,1-3,1-4):   528973
Dynamic pairs routine                             : 1, NATM x NATM double loop
Atomic shift for contacts update (UPDATE_DYNAMIC) :    0.390
LENNARD_JONES_SWITCH                              :    6.500   7.500
COULOMB_JONES_SWITCH                              :    6.500   7.500
RESIDUE_SPAN_RANGE                                :        1    9999
NLOGN_USE                                         :       15
CONTACT_SHELL                                     :   15.000
DYNAMIC_PAIRS,_SPHERE,_COULOMB,_LENNARD,_MODELLER :        T       F       F       F       T
SPHERE_STDV                                       :    0.050
RADII_FACTOR                                      :    0.820
Current energy                                    :      -37989.0898





Summary of the restraint violations: 

   NUM     ... number of restraints.
   NUMVI   ... number of restraints with RVIOL > VIOL_REPORT_CUT[i].
   RVIOL   ... relative difference from the best value.
   NUMVP   ... number of restraints with -Ln(pdf) > VIOL_REPORT_CUT2[i].
   RMS_1   ... RMS(feature, minimally_violated_basis_restraint, NUMB).
   RMS_2   ... RMS(feature, best_value, NUMB).
   MOL.PDF ... scaled contribution to -Ln(Molecular pdf).

 #                     RESTRAINT_GROUP      NUM   NUMVI  NUMVP   RMS_1   RMS_2         MOL.PDF     S_i
------------------------------------------------------------------------------------------------------
 1 Bond length potential              :       0       0      0   0.000   0.000      0.0000       0.000
 2 Bond angle potential               :       0       0      0   0.000   0.000      0.0000       0.000
 3 Stereochemical cosine torsion poten:       0       0      0   0.000   0.000      0.0000       0.000
 4 Stereochemical improper torsion pot:       0       0      0   0.000   0.000      0.0000       0.000
 5 Soft-sphere overlap restraints     :       0       0      0   0.000   0.000      0.0000       0.000
 6 Lennard-Jones 6-12 potential       :       0       0      0   0.000   0.000      0.0000       0.000
 7 Coulomb point-point electrostatic p:       0       0      0   0.000   0.000      0.0000       0.000
 8 H-bonding potential                :       0       0      0   0.000   0.000      0.0000       0.000
 9 Distance restraints 1 (CA-CA)      :       0       0      0   0.000   0.000      0.0000       0.000
10 Distance restraints 2 (N-O)        :       0       0      0   0.000   0.000      0.0000       0.000
11 Mainchain Phi dihedral restraints  :       0       0      0   0.000   0.000      0.0000       0.000
12 Mainchain Psi dihedral restraints  :       0       0      0   0.000   0.000      0.0000       0.000
13 Mainchain Omega dihedral restraints:       0       0      0   0.000   0.000      0.0000       0.000
14 Sidechain Chi_1 dihedral restraints:       0       0      0   0.000   0.000      0.0000       0.000
15 Sidechain Chi_2 dihedral restraints:       0       0      0   0.000   0.000      0.0000       0.000
16 Sidechain Chi_3 dihedral restraints:       0       0      0   0.000   0.000      0.0000       0.000
17 Sidechain Chi_4 dihedral restraints:       0       0      0   0.000   0.000      0.0000       0.000
18 Disulfide distance restraints      :       0       0      0   0.000   0.000      0.0000       0.000
19 Disulfide angle restraints         :       0       0      0   0.000   0.000      0.0000       0.000
20 Disulfide dihedral angle restraints:       0       0      0   0.000   0.000      0.0000       0.000
21 Lower bound distance restraints    :       0       0      0   0.000   0.000      0.0000       0.000
22 Upper bound distance restraints    :       0       0      0   0.000   0.000      0.0000       0.000
23 Distance restraints 3 (SDCH-MNCH)  :       0       0      0   0.000   0.000      0.0000       0.000
24 Sidechain Chi_5 dihedral restraints:       0       0      0   0.000   0.000      0.0000       0.000
25 Phi/Psi pair of dihedral restraints:       0       0      0   0.000   0.000      0.0000       0.000
26 Distance restraints 4 (SDCH-SDCH)  :       0       0      0   0.000   0.000      0.0000       0.000
27 Distance restraints 5 (X-Y)        :       0       0      0   0.000   0.000      0.0000       0.000
28 NMR distance restraints 6 (X-Y)    :       0       0      0   0.000   0.000      0.0000       0.000
29 NMR distance restraints 7 (X-Y)    :       0       0      0   0.000   0.000      0.0000       0.000
30 Minimal distance restraints        :       0       0      0   0.000   0.000      0.0000       0.000
31 Non-bonded restraints              :  528695       0    654   6.867   6.867     -37989.       1.000
32 Atomic accessibility restraints    :       0       0      0   0.000   0.000      0.0000       0.000
33 Atomic density restraints          :       0       0      0   0.000   0.000      0.0000       0.000
34 Absolute position restraints       :       0       0      0   0.000   0.000      0.0000       0.000
35 Dihedral angle difference restraint:       0       0      0   0.000   0.000      0.0000       0.000
36 GBSA implicit solvent potential    :       0       0      0   0.000   0.000      0.0000       0.000
37 EM density fitting potential       :       0       0      0   0.000   0.000      0.0000       0.000
38 SAXS restraints                    :       0       0      0   0.000   0.000      0.0000       0.000
39 Symmetry restraints                :       0       0      0   0.000   0.000      0.0000       0.000
do_prof_492W> Are you sure you want to calculate a normalized energy profile!



openf___224_> Open           Model.profile
# Energy of each residue is written to: Model.profile
# The profile IS normalized by the number of restraints.
# The profiles are smoothed over a window of residues:   13
# The sum of all numbers in the file:     -11.7664

<< end of ENERGY.
DOPE score               : -37989.089844

Dynamically allocated memory at          finish [B,KiB,MiB]:     14628025   14285.181    13.950
Starting time                                            : 2023/08/05 17:00:06
Closing time                                             : 2023/08/05 17:00:10
Total CPU time [seconds]                                 :       3.99
