
                         MODELLER 10.1, 2021/03/12, r12156

     PROTEIN STRUCTURE MODELLING BY SATISFACTION OF SPATIAL RESTRAINTS


                     Copyright(c) 1989-2021 Andrej Sali
                            All Rights Reserved

                             Written by A. Sali
                               with help from
              B. Webb, M.S. Madhusudhan, M-Y. Shen, G.Q. Dong,
          M.A. Marti-Renom, N. Eswar, F. Alber, M. Topf, B. Oliva,
             A. Fiser, R. Sanchez, B. Yerkovich, A. Badretdinov,
                     F. Melo, J.P. Overington, E. Feyfant
                 University of California, San Francisco, USA
                    Rockefeller University, New York, USA
                      Harvard University, Cambridge, USA
                   Imperial Cancer Research Fund, London, UK
              Birkbeck College, University of London, London, UK


Kind, OS, HostName, Kernel, Processor: 4, Linux bioinf 5.15.0-73-generic x86_64
Date and time of compilation         : 2021/03/12 00:18:43
MODELLER executable type             : x86_64-intel8
Job starting time (YY/MM/DD HH:MM:SS): 2023/08/05 17:00:02

openf___224_> Open           $(LIB)/restyp.lib
openf___224_> Open           ${MODINSTALL10v1}/modlib/resgrp.lib
rdresgr_266_> Number of residue groups:        2
openf___224_> Open           ${MODINSTALL10v1}/modlib/sstruc.lib

Dynamically allocated memory at   amaxlibraries [B,KiB,MiB]:       191566     187.076     0.183

Dynamically allocated memory at   amaxlibraries [B,KiB,MiB]:       192094     187.592     0.183
openf___224_> Open           ${MODINSTALL10v1}/modlib/resdih.lib

Dynamically allocated memory at   amaxlibraries [B,KiB,MiB]:       240694     235.053     0.230
rdrdih__263_> Number of dihedral angle types         :        9
              Maximal number of dihedral angle optima:        3
              Dihedral angle names                   :  Alph Phi Psi Omeg chi1 chi2 chi3 chi4 chi5
openf___224_> Open           ${MODINSTALL10v1}/modlib/radii.lib

Dynamically allocated memory at   amaxlibraries [B,KiB,MiB]:       253994     248.041     0.242
openf___224_> Open           ${MODINSTALL10v1}/modlib/af_mnchdef.lib
rdwilmo_274_> Mainchain residue conformation classes:  APBLE
openf___224_> Open           ${MODINSTALL10v1}/modlib/mnch.lib
rdclass_257_> Number of classes:        5
openf___224_> Open           ${MODINSTALL10v1}/modlib/mnch1.lib
openf___224_> Open           ${MODINSTALL10v1}/modlib/mnch2.lib
openf___224_> Open           ${MODINSTALL10v1}/modlib/mnch3.lib
openf___224_> Open           ${MODINSTALL10v1}/modlib/xs4.mat
rdrrwgh_268_> Number of residue types:       21
openf___224_> Open           $(LIB)/top_heav.lib
read_to_681_> topology.submodel read from topology file:        3
openf___224_> Open           $(LIB)/par.lib

Dynamically allocated memory at  amaxparameters [B,KiB,MiB]:       393438     384.217     0.375

Dynamically allocated memory at  amaxparameters [B,KiB,MiB]:       395038     385.779     0.377

Dynamically allocated memory at  amaxparameters [B,KiB,MiB]:       399018     389.666     0.381

Dynamically allocated memory at  amaxparameters [B,KiB,MiB]:       401018     391.619     0.382

Dynamically allocated memory at  amaxparameters [B,KiB,MiB]:       404018     394.549     0.385

Dynamically allocated memory at  amaxparameters [B,KiB,MiB]:       408518     398.943     0.390

Dynamically allocated memory at  amaxparameters [B,KiB,MiB]:       414090     404.385     0.395

Dynamically allocated memory at  amaxparameters [B,KiB,MiB]:       416890     407.119     0.398

Dynamically allocated memory at  amaxparameters [B,KiB,MiB]:       421090     411.221     0.402

Dynamically allocated memory at  amaxparameters [B,KiB,MiB]:       427390     417.373     0.408

Dynamically allocated memory at  amaxparameters [B,KiB,MiB]:       430162     420.080     0.410

Dynamically allocated memory at  amaxparameters [B,KiB,MiB]:       431562     421.447     0.412
read_pa_232_> parameters    BONDS   ANGLS  DIHEDS IMPROPS    MODE
                              227     561     661     112       0
IOData_____W> Setting io.atom_files_directory to a colon-delimited string is
              deprecated, as it is not robust on Windows systems. Set it to
              a list of directories instead. For example:
              env.io.atom_files_directory = ['./', '../atom_files']
openf___224_> Open           Template.pdb

Dynamically allocated memory at amaxcoordinates [B,KiB,MiB]:       442599     432.226     0.422

Dynamically allocated memory at    amaxsequence [B,KiB,MiB]:       442675     432.300     0.422

Dynamically allocated memory at amaxcoordinates [B,KiB,MiB]:       442846     432.467     0.422

Dynamically allocated memory at amaxcoordinates [B,KiB,MiB]:       443696     433.297     0.423

Dynamically allocated memory at amaxcoordinates [B,KiB,MiB]:       444954     434.525     0.424

Dynamically allocated memory at amaxcoordinates [B,KiB,MiB]:       446858     436.385     0.426

Dynamically allocated memory at    amaxsequence [B,KiB,MiB]:       446898     436.424     0.426

Dynamically allocated memory at amaxcoordinates [B,KiB,MiB]:       446988     436.512     0.426

Dynamically allocated memory at amaxcoordinates [B,KiB,MiB]:       449844     439.301     0.429

Dynamically allocated memory at    amaxsequence [B,KiB,MiB]:       449904     439.359     0.429

Dynamically allocated memory at amaxcoordinates [B,KiB,MiB]:       450039     439.491     0.429

Dynamically allocated memory at amaxcoordinates [B,KiB,MiB]:       454323     443.675     0.433

Dynamically allocated memory at    amaxsequence [B,KiB,MiB]:       454411     443.761     0.433

Dynamically allocated memory at amaxcoordinates [B,KiB,MiB]:       454609     443.954     0.434

Dynamically allocated memory at amaxcoordinates [B,KiB,MiB]:       461035     450.229     0.440

Dynamically allocated memory at    amaxsequence [B,KiB,MiB]:       461167     450.358     0.440

Dynamically allocated memory at amaxcoordinates [B,KiB,MiB]:       461464     450.648     0.440

Dynamically allocated memory at amaxcoordinates [B,KiB,MiB]:       471086     460.045     0.449

Dynamically allocated memory at    amaxsequence [B,KiB,MiB]:       471286     460.240     0.449

Dynamically allocated memory at amaxcoordinates [B,KiB,MiB]:       471736     460.680     0.450

Dynamically allocated memory at amaxcoordinates [B,KiB,MiB]:       486186     474.791     0.464

Dynamically allocated memory at    amaxsequence [B,KiB,MiB]:       486486     475.084     0.464

Dynamically allocated memory at amaxcoordinates [B,KiB,MiB]:       487161     475.743     0.465

Dynamically allocated memory at amaxcoordinates [B,KiB,MiB]:       508819     496.894     0.485

Dynamically allocated memory at    amaxsequence [B,KiB,MiB]:       509267     497.331     0.486

Dynamically allocated memory at amaxcoordinates [B,KiB,MiB]:       510275     498.315     0.487

Dynamically allocated memory at amaxcoordinates [B,KiB,MiB]:       542779     530.058     0.518

Dynamically allocated memory at       amaxmodel [B,KiB,MiB]:       774651     756.495     0.739
read_mo_297_> Segments, residues, atoms:        1      318     2406
read_mo_298_> Segment:        1  0:A  332:A     2406

Dynamically allocated memory at   amaxalignment [B,KiB,MiB]:       784825     766.431     0.748

Dynamically allocated memory at   amaxstructure [B,KiB,MiB]:       966175     943.530     0.921

Dynamically allocated memory at   amaxalignment [B,KiB,MiB]:       969605     946.880     0.925

Dynamically allocated memory at   amaxstructure [B,KiB,MiB]:      1150955    1123.979     1.098

Dynamically allocated memory at       amaxmodel [B,KiB,MiB]:      1186355    1158.550     1.131

mkilst______> segment topology constructed from sequence and RTF:
              segments residues  atoms  bonds angles dihedrals impropers:
                     1      318   2415   2459      0         0       983

Dynamically allocated memory at       amaxmodel [B,KiB,MiB]:      1288939    1258.729     1.229

patch_______> segment topology patched using RTF:  1 ;  MET  ;  NTER
              segments residues  atoms  bonds angles dihedrals impropers:
                     1      318   2415   2459   3335      3912       983


Dynamically allocated memory at       amaxmodel [B,KiB,MiB]:      1399435    1366.636     1.335
patch_______> segment topology patched using RTF:  318 ;  ILE  ;  CTER
              segments residues  atoms  bonds angles dihedrals impropers:
                     1      318   2416   2460   3337      3914       984

genseg______> segment topology constructed from sequence and RTF:
              segments residues  atoms  bonds angles dihedrals impropers:
                     1      318   2416   2460   3337      3914       984
transfe_506_> MODEL is an average of all templates.
transfe_511_> Number of templates for coordinate transfer:        1
              After transferring coordinates of the equivalent template atoms,
              there are defined, undefined atoms in MODEL:     2406       10
openf___224_> Open           ${LIB}/atmcls-mf.lib

Dynamically allocated memory at amaxgroup_restr [B,KiB,MiB]:      1023559     999.569     0.976

Dynamically allocated memory at amaxgroup_restr [B,KiB,MiB]:      1023623     999.632     0.976

Dynamically allocated memory at amaxgroup_restr [B,KiB,MiB]:      1023681     999.688     0.976

Dynamically allocated memory at amaxgroup_restr [B,KiB,MiB]:      1023745     999.751     0.976

Dynamically allocated memory at amaxgroup_restr [B,KiB,MiB]:      1023811     999.815     0.976

Dynamically allocated memory at amaxgroup_restr [B,KiB,MiB]:      1023875     999.878     0.976

Dynamically allocated memory at amaxgroup_restr [B,KiB,MiB]:      1024031    1000.030     0.977

Dynamically allocated memory at amaxgroup_restr [B,KiB,MiB]:      1024159    1000.155     0.977

Dynamically allocated memory at amaxgroup_restr [B,KiB,MiB]:      1024453    1000.442     0.977

Dynamically allocated memory at amaxgroup_restr [B,KiB,MiB]:      1024645    1000.630     0.977

Dynamically allocated memory at amaxgroup_restr [B,KiB,MiB]:      1025149    1001.122     0.978

Dynamically allocated memory at amaxgroup_restr [B,KiB,MiB]:      1025405    1001.372     0.978

Dynamically allocated memory at amaxgroup_restr [B,KiB,MiB]:      1026401    1002.345     0.979

Dynamically allocated memory at amaxgroup_restr [B,KiB,MiB]:      1026785    1002.720     0.979

Dynamically allocated memory at amaxgroup_restr [B,KiB,MiB]:      1027361    1003.282     0.980

Dynamically allocated memory at amaxgroup_restr [B,KiB,MiB]:      1029395    1005.269     0.982

Dynamically allocated memory at amaxgroup_restr [B,KiB,MiB]:      1030291    1006.144     0.983

Dynamically allocated memory at amaxgroup_restr [B,KiB,MiB]:      1034743    1010.491     0.987

Dynamically allocated memory at amaxgroup_restr [B,KiB,MiB]:      1036087    1011.804     0.988

Dynamically allocated memory at amaxgroup_restr [B,KiB,MiB]:      1045705    1021.196     0.997

Dynamically allocated memory at amaxgroup_restr [B,KiB,MiB]:      1047689    1023.134     0.999

Dynamically allocated memory at amaxgroup_restr [B,KiB,MiB]:      1068335    1043.296     1.019

Dynamically allocated memory at amaxgroup_restr [B,KiB,MiB]:      1071343    1046.233     1.022

Dynamically allocated memory at amaxgroup_restr [B,KiB,MiB]:      1117309    1091.122     1.066

Dynamically allocated memory at amaxgroup_restr [B,KiB,MiB]:      1121789    1095.497     1.070

Dynamically allocated memory at amaxgroup_restr [B,KiB,MiB]:      1223009    1194.345     1.166
openf___224_> Open           ${LIB}/dist-mf.lib

Dynamically allocated memory at amaxgroup_restr [B,KiB,MiB]:      1223405    1194.731     1.167

Dynamically allocated memory at amaxgroup_restr [B,KiB,MiB]:      1224201    1195.509     1.167

Dynamically allocated memory at amaxgroup_restr [B,KiB,MiB]:      1224997    1196.286     1.168

Dynamically allocated memory at amaxgroup_restr [B,KiB,MiB]:      1226185    1197.446     1.169

Dynamically allocated memory at amaxgroup_restr [B,KiB,MiB]:      1226585    1197.837     1.170

Dynamically allocated memory at amaxgroup_restr [B,KiB,MiB]:      1227185    1198.423     1.170

Dynamically allocated memory at amaxgroup_restr [B,KiB,MiB]:      1228085    1199.302     1.171

Dynamically allocated memory at amaxgroup_restr [B,KiB,MiB]:      1229433    1200.618     1.172

Dynamically allocated memory at amaxgroup_restr [B,KiB,MiB]:      1229633    1200.813     1.173

Dynamically allocated memory at amaxgroup_restr [B,KiB,MiB]:      1231657    1202.790     1.175

Dynamically allocated memory at amaxgroup_restr [B,KiB,MiB]:      1231957    1203.083     1.175

Dynamically allocated memory at amaxgroup_restr [B,KiB,MiB]:      1234993    1206.048     1.178

Dynamically allocated memory at amaxgroup_restr [B,KiB,MiB]:      1235441    1206.485     1.178

Dynamically allocated memory at amaxgroup_restr [B,KiB,MiB]:      1239993    1210.931     1.183

Dynamically allocated memory at amaxgroup_restr [B,KiB,MiB]:      1240665    1211.587     1.183

Dynamically allocated memory at amaxgroup_restr [B,KiB,MiB]:      1247493    1218.255     1.190

Dynamically allocated memory at amaxgroup_restr [B,KiB,MiB]:      1248501    1219.239     1.191

Dynamically allocated memory at amaxgroup_restr [B,KiB,MiB]:      1258745    1229.243     1.200

Dynamically allocated memory at amaxgroup_restr [B,KiB,MiB]:      1259345    1229.829     1.201

Dynamically allocated memory at amaxgroup_restr [B,KiB,MiB]:      1259745    1230.220     1.201

Dynamically allocated memory at amaxgroup_restr [B,KiB,MiB]:      1261257    1231.696     1.203

Dynamically allocated memory at amaxgroup_restr [B,KiB,MiB]:      1276621    1246.700     1.217

Dynamically allocated memory at amaxgroup_restr [B,KiB,MiB]:      1277521    1247.579     1.218

Dynamically allocated memory at amaxgroup_restr [B,KiB,MiB]:      1278121    1248.165     1.219

Dynamically allocated memory at amaxgroup_restr [B,KiB,MiB]:      1280389    1250.380     1.221

Dynamically allocated memory at amaxgroup_restr [B,KiB,MiB]:      1303437    1272.888     1.243

Dynamically allocated memory at amaxgroup_restr [B,KiB,MiB]:      1304781    1274.200     1.244

Dynamically allocated memory at amaxgroup_restr [B,KiB,MiB]:      1305681    1275.079     1.245

Dynamically allocated memory at amaxgroup_restr [B,KiB,MiB]:      1309085    1278.403     1.248

Dynamically allocated memory at amaxgroup_restr [B,KiB,MiB]:      1343657    1312.165     1.281

Dynamically allocated memory at amaxgroup_restr [B,KiB,MiB]:      1345673    1314.134     1.283

Dynamically allocated memory at amaxgroup_restr [B,KiB,MiB]:      1347021    1315.450     1.285

Dynamically allocated memory at amaxgroup_restr [B,KiB,MiB]:      1352125    1320.435     1.289

Dynamically allocated memory at amaxgroup_restr [B,KiB,MiB]:      1403981    1371.075     1.339

Dynamically allocated memory at amaxgroup_restr [B,KiB,MiB]:      1407005    1374.028     1.342

Dynamically allocated memory at amaxgroup_restr [B,KiB,MiB]:      1409029    1376.005     1.344

Dynamically allocated memory at amaxgroup_restr [B,KiB,MiB]:      1416685    1383.481     1.351

Dynamically allocated memory at amaxgroup_restr [B,KiB,MiB]:      1494469    1459.442     1.425

Dynamically allocated memory at amaxgroup_restr [B,KiB,MiB]:      1499005    1463.872     1.430

Dynamically allocated memory at amaxgroup_restr [B,KiB,MiB]:      1502041    1466.837     1.432

Dynamically allocated memory at amaxgroup_restr [B,KiB,MiB]:      1513525    1478.052     1.443

Dynamically allocated memory at amaxgroup_restr [B,KiB,MiB]:      1630201    1591.993     1.555

Dynamically allocated memory at amaxgroup_restr [B,KiB,MiB]:      1637005    1598.638     1.561

Dynamically allocated memory at amaxgroup_restr [B,KiB,MiB]:      1641557    1603.083     1.566

Dynamically allocated memory at amaxgroup_restr [B,KiB,MiB]:      1658785    1619.907     1.582

Dynamically allocated memory at amaxgroup_restr [B,KiB,MiB]:      1833801    1790.821     1.749

Dynamically allocated memory at amaxgroup_restr [B,KiB,MiB]:      1844013    1800.794     1.759

Dynamically allocated memory at amaxgroup_restr [B,KiB,MiB]:      1850841    1807.462     1.765

Dynamically allocated memory at amaxgroup_restr [B,KiB,MiB]:      1876681    1832.696     1.790

Dynamically allocated memory at amaxgroup_restr [B,KiB,MiB]:      2139205    2089.067     2.040

Dynamically allocated memory at amaxgroup_restr [B,KiB,MiB]:      2154517    2104.021     2.055

Dynamically allocated memory at amaxgroup_restr [B,KiB,MiB]:      2164761    2114.024     2.064

Dynamically allocated memory at amaxgroup_restr [B,KiB,MiB]:      2203521    2151.876     2.101

Dynamically allocated memory at amaxgroup_restr [B,KiB,MiB]:      2597305    2536.431     2.477

Dynamically allocated memory at amaxgroup_restr [B,KiB,MiB]:      2620273    2558.860     2.499

Dynamically allocated memory at amaxgroup_restr [B,KiB,MiB]:      2635637    2573.864     2.514

Dynamically allocated memory at amaxgroup_restr [B,KiB,MiB]:      2693777    2630.642     2.569

Dynamically allocated memory at amaxgroup_restr [B,KiB,MiB]:      3284453    3207.474     3.132

Dynamically allocated memory at amaxgroup_restr [B,KiB,MiB]:      3318905    3241.118     3.165

Dynamically allocated memory at amaxgroup_restr [B,KiB,MiB]:      3341953    3263.626     3.187

Dynamically allocated memory at amaxgroup_restr [B,KiB,MiB]:      3429165    3348.794     3.270

Dynamically allocated memory at amaxgroup_restr [B,KiB,MiB]:      4315181    4214.044     4.115

Dynamically allocated memory at amaxgroup_restr [B,KiB,MiB]:      4366865    4264.517     4.165

Dynamically allocated memory at amaxgroup_restr [B,KiB,MiB]:      4401437    4298.278     4.198

Dynamically allocated memory at amaxgroup_restr [B,KiB,MiB]:      4532253    4426.028     4.322

Dynamically allocated memory at amaxgroup_restr [B,KiB,MiB]:      5861277    5723.903     5.590
read_pa_232_> parameters    BONDS   ANGLS  DIHEDS IMPROPS    MODE
                                0       0       0       0   12561
>> Model assessment by DOPE potential
iatmcls_286W> MODEL atom not classified:  ILE:OXT  ILE
preppdf_453W> No fixed restraints selected; there may be some dynamic ones.
preppdf_454W> Restraints file was probably not read; use restraints.append().

Dynamically allocated memory at amaxhash_contac [B,KiB,MiB]:      6557209    6403.524     6.253

Dynamically allocated memory at  amaxrestraints [B,KiB,MiB]:      6907797    6745.896     6.588

Dynamically allocated memory at  amaxrestraints [B,KiB,MiB]:      6965781    6802.521     6.643

Dynamically allocated memory at  amaxrestraints [B,KiB,MiB]:      7081749    6915.771     6.754

Dynamically allocated memory at  amaxrestraints [B,KiB,MiB]:      7313685    7142.271     6.975

Dynamically allocated memory at  amaxrestraints [B,KiB,MiB]:      7777557    7595.271     7.417

Dynamically allocated memory at  amaxrestraints [B,KiB,MiB]:      8705301    8501.271     8.302

Dynamically allocated memory at  amaxrestraints [B,KiB,MiB]:     10560789   10313.271    10.072

Dynamically allocated memory at  amaxrestraints [B,KiB,MiB]:     14271765   13937.271    13.611


>> ENERGY; Differences between the model's features and restraints:
Number of all residues in MODEL                   :      318
Number of all, selected real atoms                :     2416    2416
Number of all, selected pseudo atoms              :        0       0
Number of all static, selected restraints         :        0       0
COVALENT_CYS                                      :        F
NONBONDED_SEL_ATOMS                               :        1
Number of non-bonded pairs (excluding 1-2,1-3,1-4):   482578
Dynamic pairs routine                             : 1, NATM x NATM double loop
Atomic shift for contacts update (UPDATE_DYNAMIC) :    0.390
LENNARD_JONES_SWITCH                              :    6.500   7.500
COULOMB_JONES_SWITCH                              :    6.500   7.500
RESIDUE_SPAN_RANGE                                :        1    9999
NLOGN_USE                                         :       15
CONTACT_SHELL                                     :   15.000
DYNAMIC_PAIRS,_SPHERE,_COULOMB,_LENNARD,_MODELLER :        T       F       F       F       T
SPHERE_STDV                                       :    0.050
RADII_FACTOR                                      :    0.820
Current energy                                    :      -39206.2461





Summary of the restraint violations: 

   NUM     ... number of restraints.
   NUMVI   ... number of restraints with RVIOL > VIOL_REPORT_CUT[i].
   RVIOL   ... relative difference from the best value.
   NUMVP   ... number of restraints with -Ln(pdf) > VIOL_REPORT_CUT2[i].
   RMS_1   ... RMS(feature, minimally_violated_basis_restraint, NUMB).
   RMS_2   ... RMS(feature, best_value, NUMB).
   MOL.PDF ... scaled contribution to -Ln(Molecular pdf).

 #                     RESTRAINT_GROUP      NUM   NUMVI  NUMVP   RMS_1   RMS_2         MOL.PDF     S_i
------------------------------------------------------------------------------------------------------
 1 Bond length potential              :       0       0      0   0.000   0.000      0.0000       0.000
 2 Bond angle potential               :       0       0      0   0.000   0.000      0.0000       0.000
 3 Stereochemical cosine torsion poten:       0       0      0   0.000   0.000      0.0000       0.000
 4 Stereochemical improper torsion pot:       0       0      0   0.000   0.000      0.0000       0.000
 5 Soft-sphere overlap restraints     :       0       0      0   0.000   0.000      0.0000       0.000
 6 Lennard-Jones 6-12 potential       :       0       0      0   0.000   0.000      0.0000       0.000
 7 Coulomb point-point electrostatic p:       0       0      0   0.000   0.000      0.0000       0.000
 8 H-bonding potential                :       0       0      0   0.000   0.000      0.0000       0.000
 9 Distance restraints 1 (CA-CA)      :       0       0      0   0.000   0.000      0.0000       0.000
10 Distance restraints 2 (N-O)        :       0       0      0   0.000   0.000      0.0000       0.000
11 Mainchain Phi dihedral restraints  :       0       0      0   0.000   0.000      0.0000       0.000
12 Mainchain Psi dihedral restraints  :       0       0      0   0.000   0.000      0.0000       0.000
13 Mainchain Omega dihedral restraints:       0       0      0   0.000   0.000      0.0000       0.000
14 Sidechain Chi_1 dihedral restraints:       0       0      0   0.000   0.000      0.0000       0.000
15 Sidechain Chi_2 dihedral restraints:       0       0      0   0.000   0.000      0.0000       0.000
16 Sidechain Chi_3 dihedral restraints:       0       0      0   0.000   0.000      0.0000       0.000
17 Sidechain Chi_4 dihedral restraints:       0       0      0   0.000   0.000      0.0000       0.000
18 Disulfide distance restraints      :       0       0      0   0.000   0.000      0.0000       0.000
19 Disulfide angle restraints         :       0       0      0   0.000   0.000      0.0000       0.000
20 Disulfide dihedral angle restraints:       0       0      0   0.000   0.000      0.0000       0.000
21 Lower bound distance restraints    :       0       0      0   0.000   0.000      0.0000       0.000
22 Upper bound distance restraints    :       0       0      0   0.000   0.000      0.0000       0.000
23 Distance restraints 3 (SDCH-MNCH)  :       0       0      0   0.000   0.000      0.0000       0.000
24 Sidechain Chi_5 dihedral restraints:       0       0      0   0.000   0.000      0.0000       0.000
25 Phi/Psi pair of dihedral restraints:       0       0      0   0.000   0.000      0.0000       0.000
26 Distance restraints 4 (SDCH-SDCH)  :       0       0      0   0.000   0.000      0.0000       0.000
27 Distance restraints 5 (X-Y)        :       0       0      0   0.000   0.000      0.0000       0.000
28 NMR distance restraints 6 (X-Y)    :       0       0      0   0.000   0.000      0.0000       0.000
29 NMR distance restraints 7 (X-Y)    :       0       0      0   0.000   0.000      0.0000       0.000
30 Minimal distance restraints        :       0       0      0   0.000   0.000      0.0000       0.000
31 Non-bonded restraints              :  482291       0    264   6.882   6.882     -39206.       1.000
32 Atomic accessibility restraints    :       0       0      0   0.000   0.000      0.0000       0.000
33 Atomic density restraints          :       0       0      0   0.000   0.000      0.0000       0.000
34 Absolute position restraints       :       0       0      0   0.000   0.000      0.0000       0.000
35 Dihedral angle difference restraint:       0       0      0   0.000   0.000      0.0000       0.000
36 GBSA implicit solvent potential    :       0       0      0   0.000   0.000      0.0000       0.000
37 EM density fitting potential       :       0       0      0   0.000   0.000      0.0000       0.000
38 SAXS restraints                    :       0       0      0   0.000   0.000      0.0000       0.000
39 Symmetry restraints                :       0       0      0   0.000   0.000      0.0000       0.000
do_prof_492W> Are you sure you want to calculate a normalized energy profile!



openf___224_> Open           TemplateA.profile
# Energy of each residue is written to: TemplateA.profile
# The profile IS normalized by the number of restraints.
# The profiles are smoothed over a window of residues:   13
# The sum of all numbers in the file:     -12.9369

<< end of ENERGY.
DOPE score               : -39206.246094

Dynamically allocated memory at          finish [B,KiB,MiB]:     13978993   13651.360    13.331
Starting time                                            : 2023/08/05 17:00:02
Closing time                                             : 2023/08/05 17:00:06
Total CPU time [seconds]                                 :       3.69
