
                         MODELLER 10.1, 2021/03/12, r12156

     PROTEIN STRUCTURE MODELLING BY SATISFACTION OF SPATIAL RESTRAINTS


                     Copyright(c) 1989-2021 Andrej Sali
                            All Rights Reserved

                             Written by A. Sali
                               with help from
              B. Webb, M.S. Madhusudhan, M-Y. Shen, G.Q. Dong,
          M.A. Marti-Renom, N. Eswar, F. Alber, M. Topf, B. Oliva,
             A. Fiser, R. Sanchez, B. Yerkovich, A. Badretdinov,
                     F. Melo, J.P. Overington, E. Feyfant
                 University of California, San Francisco, USA
                    Rockefeller University, New York, USA
                      Harvard University, Cambridge, USA
                   Imperial Cancer Research Fund, London, UK
              Birkbeck College, University of London, London, UK


Kind, OS, HostName, Kernel, Processor: 4, Linux bioinf 5.15.0-73-generic x86_64
Date and time of compilation         : 2021/03/12 00:18:43
MODELLER executable type             : x86_64-intel8
Job starting time (YY/MM/DD HH:MM:SS): 2023/08/05 16:56:39

fndatmi_285W> Only      317 residues out of      318 contain atoms of type  CA
              (This is usually caused by non-standard residues, such
              as ligands, or by PDB files with missing atoms.)
fndatmi_285W> Only      317 residues out of      318 contain atoms of type  CA
              (This is usually caused by non-standard residues, such
              as ligands, or by PDB files with missing atoms.)

check_ali___> Checking the sequence-structure alignment. 

Implied intrachain target CA(i)-CA(i+1) distances longer than  8.0 angstroms:

ALN_POS  TMPL  RID1  RID2  NAM1  NAM2     DIST
----------------------------------------------
END OF TABLE
read_to_681_> topology.submodel read from topology file:        3
fndatmi_285W> Only      317 residues out of      318 contain atoms of type  CA
              (This is usually caused by non-standard residues, such
              as ligands, or by PDB files with missing atoms.)
The following 1 residues contain 6-membered rings with poor geometries
after transfer from templates. Rebuilding rings from internal coordinates:
   <Residue 216:A (type TYR)>
mdtrsr__446W> A potential that relies on one protein is used, yet you have at
              least one known structure available. MDT, not library, potential is used.
0 atoms in HETATM/BLK residues constrained
to protein atoms within 2.30 angstroms
and protein CA atoms within 10.00 angstroms
0 atoms in residues without defined topology
constrained to be rigid bodies
condens_443_> Restraints marked for deletion were removed.
              Total number of restraints before, now:    31080    28691
iupac_m_397W> Atoms were not swapped because of the uncertainty of how to handle the H atom.
iupac_m_397W> Atoms were not swapped because of the uncertainty of how to handle the H atom.
>> Model assessment by DOPE potential
iatmcls_286W> MODEL atom not classified:  GLY:OXT  GLY


>> ENERGY; Differences between the model's features and restraints:
Number of all residues in MODEL                   :      335
Number of all, selected real atoms                :     2605    2605
Number of all, selected pseudo atoms              :        0       0
Number of all static, selected restraints         :    28691   28691
COVALENT_CYS                                      :        F
NONBONDED_SEL_ATOMS                               :        1
Number of non-bonded pairs (excluding 1-2,1-3,1-4):   530481
Dynamic pairs routine                             : 1, NATM x NATM double loop
Atomic shift for contacts update (UPDATE_DYNAMIC) :    0.390
LENNARD_JONES_SWITCH                              :    6.500   7.500
COULOMB_JONES_SWITCH                              :    6.500   7.500
RESIDUE_SPAN_RANGE                                :        1    9999
NLOGN_USE                                         :       15
CONTACT_SHELL                                     :   15.000
DYNAMIC_PAIRS,_SPHERE,_COULOMB,_LENNARD,_MODELLER :        T       F       F       F       T
SPHERE_STDV                                       :    0.050
RADII_FACTOR                                      :    0.820
Current energy                                    :      -37943.9570




<< end of ENERGY.
DOPE score               : -37943.957031
>> Model assessment by GA341 potential

Surface library          : /usr/lib/modeller10.1/modlib/surf5.de
Pair library             : /usr/lib/modeller10.1/modlib/pair9.de
Chain identifier         : _
% sequence identity      :    44.025002
Sequence length          :          335
Compactness              :     0.381581
Native energy (pair)     :  -266.714595
Native energy (surface)  :   -15.849519
Native energy (combined) :    -8.376012
Z score (pair)           :    -8.569164
Z score (surface)        :    -6.968015
Z score (combined)       :   -11.686476
GA341 score              :     1.000000



>> ENERGY; Differences between the model's features and restraints:
Number of all residues in MODEL                   :      335
Number of all, selected real atoms                :     2605    2605
Number of all, selected pseudo atoms              :        0       0
Number of all static, selected restraints         :    28691   28691
COVALENT_CYS                                      :        F
NONBONDED_SEL_ATOMS                               :        1
Number of non-bonded pairs (excluding 1-2,1-3,1-4):     5842
Dynamic pairs routine                             : 2, NATM x NATM cell sorting
Atomic shift for contacts update (UPDATE_DYNAMIC) :    0.390
LENNARD_JONES_SWITCH                              :    6.500   7.500
COULOMB_JONES_SWITCH                              :    6.500   7.500
RESIDUE_SPAN_RANGE                                :        0   99999
NLOGN_USE                                         :       15
CONTACT_SHELL                                     :    4.000
DYNAMIC_PAIRS,_SPHERE,_COULOMB,_LENNARD,_MODELLER :        T       T       F       F       F
SPHERE_STDV                                       :    0.050
RADII_FACTOR                                      :    0.820
Current energy                                    :        1865.4608





Summary of the restraint violations: 

   NUM     ... number of restraints.
   NUMVI   ... number of restraints with RVIOL > VIOL_REPORT_CUT[i].
   RVIOL   ... relative difference from the best value.
   NUMVP   ... number of restraints with -Ln(pdf) > VIOL_REPORT_CUT2[i].
   RMS_1   ... RMS(feature, minimally_violated_basis_restraint, NUMB).
   RMS_2   ... RMS(feature, best_value, NUMB).
   MOL.PDF ... scaled contribution to -Ln(Molecular pdf).

 #                     RESTRAINT_GROUP      NUM   NUMVI  NUMVP   RMS_1   RMS_2         MOL.PDF     S_i
------------------------------------------------------------------------------------------------------
 1 Bond length potential              :    2671       0      0   0.005   0.005      21.273       1.000
 2 Bond angle potential               :    3625       0      3   2.042   2.042      298.55       1.000
 3 Stereochemical cosine torsion poten:    1743       0     45  46.867  46.867      580.78       1.000
 4 Stereochemical improper torsion pot:    1121       0      0   1.217   1.217      37.545       1.000
 5 Soft-sphere overlap restraints     :    5842       0      0   0.003   0.003      6.4175       1.000
 6 Lennard-Jones 6-12 potential       :       0       0      0   0.000   0.000      0.0000       1.000
 7 Coulomb point-point electrostatic p:       0       0      0   0.000   0.000      0.0000       1.000
 8 H-bonding potential                :       0       0      0   0.000   0.000      0.0000       1.000
 9 Distance restraints 1 (CA-CA)      :    6944       0      1   0.233   0.233      148.51       1.000
10 Distance restraints 2 (N-O)        :    6944       1     23   0.306   0.306      297.41       1.000
11 Mainchain Phi dihedral restraints  :       0       0      0   0.000   0.000      0.0000       1.000
12 Mainchain Psi dihedral restraints  :       0       0      0   0.000   0.000      0.0000       1.000
13 Mainchain Omega dihedral restraints:     334       0      3   4.632   4.632      83.812       1.000
14 Sidechain Chi_1 dihedral restraints:     279       0      0  71.740  71.740      63.043       1.000
15 Sidechain Chi_2 dihedral restraints:     214       0      2  71.185  71.185      67.661       1.000
16 Sidechain Chi_3 dihedral restraints:      84       0      0  62.575  62.575      45.540       1.000
17 Sidechain Chi_4 dihedral restraints:      32       0      0  72.352  72.352      16.330       1.000
18 Disulfide distance restraints      :       0       0      0   0.000   0.000      0.0000       1.000
19 Disulfide angle restraints         :       0       0      0   0.000   0.000      0.0000       1.000
20 Disulfide dihedral angle restraints:       0       0      0   0.000   0.000      0.0000       1.000
21 Lower bound distance restraints    :       0       0      0   0.000   0.000      0.0000       1.000
22 Upper bound distance restraints    :       0       0      0   0.000   0.000      0.0000       1.000
23 Distance restraints 3 (SDCH-MNCH)  :    3170       0      0   0.397   0.397      61.854       1.000
24 Sidechain Chi_5 dihedral restraints:       0       0      0   0.000   0.000      0.0000       1.000
25 Phi/Psi pair of dihedral restraints:     333      23     36  27.864  49.364      46.591       1.000
26 Distance restraints 4 (SDCH-SDCH)  :    1197       0      4   0.892   0.892      90.140       1.000
27 Distance restraints 5 (X-Y)        :       0       0      0   0.000   0.000      0.0000       1.000
28 NMR distance restraints 6 (X-Y)    :       0       0      0   0.000   0.000      0.0000       1.000
29 NMR distance restraints 7 (X-Y)    :       0       0      0   0.000   0.000      0.0000       1.000
30 Minimal distance restraints        :       0       0      0   0.000   0.000      0.0000       1.000
31 Non-bonded restraints              :       0       0      0   0.000   0.000      0.0000       1.000
32 Atomic accessibility restraints    :       0       0      0   0.000   0.000      0.0000       1.000
33 Atomic density restraints          :       0       0      0   0.000   0.000      0.0000       1.000
34 Absolute position restraints       :       0       0      0   0.000   0.000      0.0000       1.000
35 Dihedral angle difference restraint:       0       0      0   0.000   0.000      0.0000       1.000
36 GBSA implicit solvent potential    :       0       0      0   0.000   0.000      0.0000       1.000
37 EM density fitting potential       :       0       0      0   0.000   0.000      0.0000       1.000
38 SAXS restraints                    :       0       0      0   0.000   0.000      0.0000       1.000
39 Symmetry restraints                :       0       0      0   0.000   0.000      0.0000       1.000



# Heavy relative violation of each residue is written to: Model.V99990001
# The profile is NOT normalized by the number of restraints.
# The profiles are smoothed over a window of residues:    1
# The sum of all numbers in the file:   31248.2598



List of the violated restraints:
   A restraint is violated when the relative difference
   from the best value (RVIOL) is larger than CUTOFF.

   ICSR   ... index of a restraint in the current set.
   RESNO  ... residue numbers of the first two atoms.
   ATM    ... IUPAC atom names of the first two atoms.
   FEAT   ... the value of the feature in the model.
   restr  ... the mean of the basis restraint with the smallest
              difference from the model (local minimum).
   viol   ... difference from the local minimum.
   rviol  ... relative difference from the local minimum.
   RESTR  ... the best value (global minimum).
   VIOL   ... difference from the best value.
   RVIOL  ... relative difference from the best value.


-------------------------------------------------------------------------------------------------

Feature 10                           : Distance restraints 2 (N-O)             
List of the RVIOL violations larger than   :       4.5000

    #   ICSR  RESNO1/2 ATM1/2   INDATM1/2    FEAT   restr    viol   rviol   RESTR    VIOL   RVIOL
    1  19770 118W 144K N   O     889 1093   11.16    8.47    2.69    4.56    8.47    2.69    4.56

-------------------------------------------------------------------------------------------------

Feature 25                           : Phi/Psi pair of dihedral restraints     
List of the RVIOL violations larger than   :       6.5000

    #   ICSR  RESNO1/2 ATM1/2   INDATM1/2    FEAT   restr    viol   rviol   RESTR    VIOL   RVIOL
    1   9251  91L  92K C   N     687  689 -130.45 -118.00   25.41    1.01  -62.90  171.78   26.35
    1         92K  92K N   CA    689  690  161.26  139.10                  -40.80
    2   9254  94G  95Q C   N     707  709 -134.45 -121.10   54.30    2.76  -63.80  145.66   18.74
    2         95Q  95Q N   CA    709  710   87.07  139.70                  -40.30
    3   9256  96V  97R C   N     723  725  125.85 -125.20  113.24    3.79  -63.00 -134.12   40.82
    3         97R  97R N   CA    725  726  171.49  140.60                  -41.10
    4   9257  97R  98A C   N     734  736 -117.62 -134.00   21.25    1.20  -62.50  167.88   30.45
    4         98A  98A N   CA    736  737  160.53  147.00                  -40.90
    5   9258  98A  99D C   N     739  741   83.52   54.50  116.42   10.90  -63.30 -138.12   24.51
    5         99D  99D N   CA    741  742  153.64   40.90                  -40.00
    6   9259  99D 100L C   N     747  749  -84.04 -108.50   46.51    2.20  -63.50  135.71   17.77
    6        100L 100L N   CA    749  750   92.94  132.50                  -41.20
    7   9261 101I 102S C   N     763  765  -60.20  -72.40   12.39    0.94  -64.10  170.42   12.12
    7        102S 102S N   CA    765  766  154.62  152.40                  -35.00
    8   9262 102S 103S C   N     769  771 -168.04 -136.60   32.37    1.49  -64.10 -153.41   13.63
    8        103S 103S N   CA    771  772  143.54  151.20                  -35.00
    9   9301 141L 142H C   N    1068 1070 -102.90  -63.20   82.27    8.75  -63.20   82.27    8.75
    9        142H 142H N   CA   1070 1071   29.76  -42.30                  -42.30
   10   9303 143A 144K C   N    1083 1085  -57.09  -62.90   27.22    3.26  -70.20  152.78   11.37
   10        144K 144K N   CA   1085 1086  -67.39  -40.80                  140.40
   11   9304 144K 145N C   N    1092 1094  -58.83  -63.20   14.01    2.00   55.90  133.00   16.39
   11        145N 145N N   CA   1094 1095  -27.78  -41.10                   39.50
   12   9359 199F 200T C   N    1524 1526 -179.35 -124.80  116.67    3.68  -63.20  136.28   23.49
   12        200T 200T N   CA   1526 1527 -113.37  143.50                  -42.10
   13   9361 201K 202E C   N    1540 1542  147.72 -117.80   96.46    3.10   54.60  147.09   18.07
   13        202E 202E N   CA   1542 1543  156.25  136.80                   42.40
   14   9366 206Q 207K C   N    1578 1580  104.95 -118.00  143.50    4.85  -70.20  179.93   14.04
   14        207K 207K N   CA   1580 1581 -178.37  139.10                  140.40
   15   9430 270P 271V C   N    2084 2086 -104.84  -73.50   91.84    8.09  -73.50   91.84    8.09
   15        271V 271V N   CA   2086 2087   52.88  139.20                  139.20
   16   9431 271V 272P C   N    2091 2093  -72.97  -58.70   23.94    1.49  -64.50  158.70   12.29
   16        272P 272P N   CA   2093 2094  -11.27  -30.50                  147.20
   17   9452 292D 293K C   N    2248 2250   59.59   56.60   12.98    0.73  -62.90  139.51   24.37
   17        293K 293K N   CA   2250 2251   25.97   38.60                  -40.80
   18   9453 293K 294E C   N    2257 2259   48.84   54.60   35.12    2.26  -63.60  162.52   27.47
   18        294E 294E N   CA   2259 2260   77.04   42.40                  -40.30
   19   9462 302G 303F C   N    2324 2326  -71.72  -63.20   20.74    2.40 -124.20  176.67    6.87
   19        303F 303F N   CA   2326 2327  -25.40  -44.30                  143.30
   20   9463 303F 304K C   N    2335 2337   79.82  -70.20  152.27   10.49 -118.00  164.06    6.64
   20        304K 304K N   CA   2337 2338  114.33  140.40                  139.10
   21   9485 325E 326I C   N    2534 2536  -72.89  -63.40   12.44    2.34 -120.60 -175.67   12.34
   21        326I 326I N   CA   2536 2537  -51.65  -43.60                  130.30
   22   9491 331L 332A C   N    2581 2583   73.40   55.40   20.38    1.57  -62.50  152.66   31.04
   22        332A 332A N   CA   2583 2584   28.65   38.20                  -40.90
   23   9493 333Q 334G C   N    2595 2597  -87.02  -80.20    8.27    0.61   82.20 -126.48    7.51
   23        334G 334G N   CA   2597 2598  169.42  174.10                    8.50


report______> Distribution of short non-bonded contacts:


DISTANCE1:  0.00 2.10 2.20 2.30 2.40 2.50 2.60 2.70 2.80 2.90 3.00 3.10 3.20 3.30 3.40
DISTANCE2:  2.10 2.20 2.30 2.40 2.50 2.60 2.70 2.80 2.90 3.00 3.10 3.20 3.30 3.40 3.50
FREQUENCY:     0    0    0    0    0   19   41  164  188  281  267  349  417  428  425


<< end of ENERGY.
iupac_m_397W> Atoms were not swapped because of the uncertainty of how to handle the H atom.
iupac_m_397W> Atoms were not swapped because of the uncertainty of how to handle the H atom.
iupac_m_397W> Atoms were not swapped because of the uncertainty of how to handle the H atom.
iupac_m_397W> Atoms were not swapped because of the uncertainty of how to handle the H atom.
iupac_m_397W> Atoms were not swapped because of the uncertainty of how to handle the H atom.
iupac_m_397W> Atoms were not swapped because of the uncertainty of how to handle the H atom.
iupac_m_397W> Atoms were not swapped because of the uncertainty of how to handle the H atom.
>> Model assessment by DOPE potential
iatmcls_286W> MODEL atom not classified:  GLY:OXT  GLY


>> ENERGY; Differences between the model's features and restraints:
Number of all residues in MODEL                   :      335
Number of all, selected real atoms                :     2605    2605
Number of all, selected pseudo atoms              :        0       0
Number of all static, selected restraints         :    28691   28691
COVALENT_CYS                                      :        F
NONBONDED_SEL_ATOMS                               :        1
Number of non-bonded pairs (excluding 1-2,1-3,1-4):   531937
Dynamic pairs routine                             : 1, NATM x NATM double loop
Atomic shift for contacts update (UPDATE_DYNAMIC) :    0.390
LENNARD_JONES_SWITCH                              :    6.500   7.500
COULOMB_JONES_SWITCH                              :    6.500   7.500
RESIDUE_SPAN_RANGE                                :        1    9999
NLOGN_USE                                         :       15
CONTACT_SHELL                                     :   15.000
DYNAMIC_PAIRS,_SPHERE,_COULOMB,_LENNARD,_MODELLER :        T       F       F       F       T
SPHERE_STDV                                       :    0.050
RADII_FACTOR                                      :    0.820
Current energy                                    :      -37809.7461




<< end of ENERGY.
DOPE score               : -37809.746094
>> Model assessment by GA341 potential

Surface library          : /usr/lib/modeller10.1/modlib/surf5.de
Pair library             : /usr/lib/modeller10.1/modlib/pair9.de
Chain identifier         : _
% sequence identity      :    44.025002
Sequence length          :          335
Compactness              :     0.401255
Native energy (pair)     :  -245.843667
Native energy (surface)  :   -14.105901
Native energy (combined) :    -7.430904
Z score (pair)           :    -7.979127
Z score (surface)        :    -6.581986
Z score (combined)       :    -9.504364
GA341 score              :     1.000000



>> ENERGY; Differences between the model's features and restraints:
Number of all residues in MODEL                   :      335
Number of all, selected real atoms                :     2605    2605
Number of all, selected pseudo atoms              :        0       0
Number of all static, selected restraints         :    28691   28691
COVALENT_CYS                                      :        F
NONBONDED_SEL_ATOMS                               :        1
Number of non-bonded pairs (excluding 1-2,1-3,1-4):     5873
Dynamic pairs routine                             : 2, NATM x NATM cell sorting
Atomic shift for contacts update (UPDATE_DYNAMIC) :    0.390
LENNARD_JONES_SWITCH                              :    6.500   7.500
COULOMB_JONES_SWITCH                              :    6.500   7.500
RESIDUE_SPAN_RANGE                                :        0   99999
NLOGN_USE                                         :       15
CONTACT_SHELL                                     :    4.000
DYNAMIC_PAIRS,_SPHERE,_COULOMB,_LENNARD,_MODELLER :        T       T       F       F       F
SPHERE_STDV                                       :    0.050
RADII_FACTOR                                      :    0.820
Current energy                                    :        1859.4270





Summary of the restraint violations: 

   NUM     ... number of restraints.
   NUMVI   ... number of restraints with RVIOL > VIOL_REPORT_CUT[i].
   RVIOL   ... relative difference from the best value.
   NUMVP   ... number of restraints with -Ln(pdf) > VIOL_REPORT_CUT2[i].
   RMS_1   ... RMS(feature, minimally_violated_basis_restraint, NUMB).
   RMS_2   ... RMS(feature, best_value, NUMB).
   MOL.PDF ... scaled contribution to -Ln(Molecular pdf).

 #                     RESTRAINT_GROUP      NUM   NUMVI  NUMVP   RMS_1   RMS_2         MOL.PDF     S_i
------------------------------------------------------------------------------------------------------
 1 Bond length potential              :    2671       0      0   0.005   0.005      19.636       1.000
 2 Bond angle potential               :    3625       0      9   2.043   2.043      297.22       1.000
 3 Stereochemical cosine torsion poten:    1743       0     45  46.468  46.468      571.18       1.000
 4 Stereochemical improper torsion pot:    1121       0      0   1.229   1.229      38.195       1.000
 5 Soft-sphere overlap restraints     :    5873       0      0   0.003   0.003      8.4394       1.000
 6 Lennard-Jones 6-12 potential       :       0       0      0   0.000   0.000      0.0000       1.000
 7 Coulomb point-point electrostatic p:       0       0      0   0.000   0.000      0.0000       1.000
 8 H-bonding potential                :       0       0      0   0.000   0.000      0.0000       1.000
 9 Distance restraints 1 (CA-CA)      :    6944       0      7   0.257   0.257      175.19       1.000
10 Distance restraints 2 (N-O)        :    6944       1     12   0.310   0.310      271.89       1.000
11 Mainchain Phi dihedral restraints  :       0       0      0   0.000   0.000      0.0000       1.000
12 Mainchain Psi dihedral restraints  :       0       0      0   0.000   0.000      0.0000       1.000
13 Mainchain Omega dihedral restraints:     334       0      6   4.691   4.691      85.996       1.000
14 Sidechain Chi_1 dihedral restraints:     279       0      3  69.619  69.619      57.837       1.000
15 Sidechain Chi_2 dihedral restraints:     214       0      2  77.248  77.248      79.761       1.000
16 Sidechain Chi_3 dihedral restraints:      84       0      0  61.523  61.523      47.754       1.000
17 Sidechain Chi_4 dihedral restraints:      32       0      0  83.515  83.515      24.926       1.000
18 Disulfide distance restraints      :       0       0      0   0.000   0.000      0.0000       1.000
19 Disulfide angle restraints         :       0       0      0   0.000   0.000      0.0000       1.000
20 Disulfide dihedral angle restraints:       0       0      0   0.000   0.000      0.0000       1.000
21 Lower bound distance restraints    :       0       0      0   0.000   0.000      0.0000       1.000
22 Upper bound distance restraints    :       0       0      0   0.000   0.000      0.0000       1.000
23 Distance restraints 3 (SDCH-MNCH)  :    3170       0      0   0.367   0.367      60.178       1.000
24 Sidechain Chi_5 dihedral restraints:       0       0      0   0.000   0.000      0.0000       1.000
25 Phi/Psi pair of dihedral restraints:     333      21     32  23.353  45.508      15.354       1.000
26 Distance restraints 4 (SDCH-SDCH)  :    1197       0      0   0.886   0.886      105.88       1.000
27 Distance restraints 5 (X-Y)        :       0       0      0   0.000   0.000      0.0000       1.000
28 NMR distance restraints 6 (X-Y)    :       0       0      0   0.000   0.000      0.0000       1.000
29 NMR distance restraints 7 (X-Y)    :       0       0      0   0.000   0.000      0.0000       1.000
30 Minimal distance restraints        :       0       0      0   0.000   0.000      0.0000       1.000
31 Non-bonded restraints              :       0       0      0   0.000   0.000      0.0000       1.000
32 Atomic accessibility restraints    :       0       0      0   0.000   0.000      0.0000       1.000
33 Atomic density restraints          :       0       0      0   0.000   0.000      0.0000       1.000
34 Absolute position restraints       :       0       0      0   0.000   0.000      0.0000       1.000
35 Dihedral angle difference restraint:       0       0      0   0.000   0.000      0.0000       1.000
36 GBSA implicit solvent potential    :       0       0      0   0.000   0.000      0.0000       1.000
37 EM density fitting potential       :       0       0      0   0.000   0.000      0.0000       1.000
38 SAXS restraints                    :       0       0      0   0.000   0.000      0.0000       1.000
39 Symmetry restraints                :       0       0      0   0.000   0.000      0.0000       1.000



# Heavy relative violation of each residue is written to: Model.V99990002
# The profile is NOT normalized by the number of restraints.
# The profiles are smoothed over a window of residues:    1
# The sum of all numbers in the file:   31330.8945



List of the violated restraints:
   A restraint is violated when the relative difference
   from the best value (RVIOL) is larger than CUTOFF.

   ICSR   ... index of a restraint in the current set.
   RESNO  ... residue numbers of the first two atoms.
   ATM    ... IUPAC atom names of the first two atoms.
   FEAT   ... the value of the feature in the model.
   restr  ... the mean of the basis restraint with the smallest
              difference from the model (local minimum).
   viol   ... difference from the local minimum.
   rviol  ... relative difference from the local minimum.
   RESTR  ... the best value (global minimum).
   VIOL   ... difference from the best value.
   RVIOL  ... relative difference from the best value.


-------------------------------------------------------------------------------------------------

Feature 25                           : Phi/Psi pair of dihedral restraints     
List of the RVIOL violations larger than   :       6.5000

    #   ICSR  RESNO1/2 ATM1/2   INDATM1/2    FEAT   restr    viol   rviol   RESTR    VIOL   RVIOL
    1   9162   2S   3E C   N      13   15  -65.80  -63.60    2.50    0.43  -69.30  176.04   13.56
    1          3E   3E N   CA     15   16  -41.50  -40.30                  142.50
    2   9163   3E   4A C   N      22   24  116.36 -134.00  110.09    3.28  -68.20  175.82   14.51
    2          4A   4A N   CA     24   25  156.84  147.00                  145.30
    3   9191  31G  32D C   N     225  227  -82.45  -96.50   71.15    3.00  -63.30   86.59    9.69
    3         32D  32D N   CA    227  228   44.45  114.20                  -40.00
    4   9251  91L  92K C   N     687  689 -164.50 -118.00   53.43    2.51  -62.90 -175.85   21.31
    4         92K  92K N   CA    689  690  112.78  139.10                  -40.80
    5   9254  94G  95Q C   N     707  709 -100.59 -121.10   24.69    0.76  -63.80  170.28   23.26
    5         95Q  95Q N   CA    709  710  125.96  139.70                  -40.30
    6   9256  96V  97R C   N     723  725  160.36 -125.20   87.09    2.59  -63.00 -169.25   34.22
    6         97R  97R N   CA    725  726 -174.19  140.60                  -41.10
    7   9257  97R  98A C   N     734  736  174.76 -134.00   52.25    1.38  -62.50 -156.85   39.73
    7         98A  98A N   CA    736  737  157.23  147.00                  -40.90
    8   9261 101I 102S C   N     763  765  -93.44  -72.40   21.26    1.60  -64.10  178.09   14.84
    8        102S 102S N   CA    765  766  149.34  152.40                  -35.00
    9   9262 102S 103S C   N     769  771 -135.96 -136.60    4.92    0.26  -64.10 -176.43   18.41
    9        103S 103S N   CA    771  772  156.07  151.20                  -35.00
   10   9301 141L 142H C   N    1068 1070  -99.22  -63.20   77.04    8.19  -63.20   77.04    8.19
   10        142H 142H N   CA   1070 1071   25.80  -42.30                  -42.30
   11   9361 201K 202E C   N    1540 1542  -61.55  -63.60    9.78    1.42   54.60  137.26   17.96
   11        202E 202E N   CA   1542 1543  -30.74  -40.30                   42.40
   12   9365 205T 206Q C   N    1569 1571 -137.18 -121.10   88.29    4.43  -63.80  118.62   15.24
   12        206Q 206Q N   CA   1571 1572   52.89  139.70                  -40.30
   13   9366 206Q 207K C   N    1578 1580 -141.76 -118.00   61.63    3.19  -70.20   92.22    7.70
   13        207K 207K N   CA   1580 1581   82.23  139.10                  140.40
   14   9430 270P 271V C   N    2084 2086  -90.46  -62.40   87.39    9.78  -73.50  100.28    8.75
   14        271V 271V N   CA   2086 2087   40.36  -42.40                  139.20
   15   9431 271V 272P C   N    2091 2093  -72.22  -58.70   24.28    1.46  -64.50  157.72   12.18
   15        272P 272P N   CA   2093 2094  -10.34  -30.50                  147.20
   16   9434 274G 275N C   N    2111 2113  -65.85  -63.20   10.82    1.23  -71.20  173.49   10.97
   16        275N 275N N   CA   2113 2114  -30.61  -41.10                  142.80
   17   9436 276P 277Y C   N    2126 2128  -58.92  -98.40   48.33    3.49   55.90  130.03   10.58
   17        277Y 277Y N   CA   2128 2129  100.52  128.40                   39.50
   18   9453 293K 294E C   N    2257 2259 -153.26 -117.80   52.66    2.83  -63.60  164.72   19.03
   18        294E 294E N   CA   2259 2260   97.87  136.80                  -40.30
   19   9485 325E 326I C   N    2534 2536  -71.43  -63.40   11.06    2.08 -120.60 -174.85   12.44
   19        326I 326I N   CA   2536 2537  -51.20  -43.60                  130.30
   20   9491 331L 332A C   N    2581 2583   71.93   55.40   20.86    1.32  -62.50  149.93   30.48
   20        332A 332A N   CA   2583 2584   25.49   38.20                  -40.90
   21   9493 333Q 334G C   N    2595 2597 -133.35 -167.20   34.63    0.52   82.20 -145.33   16.30
   21        334G 334G N   CA   2597 2598  167.29  174.60                    8.50


report______> Distribution of short non-bonded contacts:


DISTANCE1:  0.00 2.10 2.20 2.30 2.40 2.50 2.60 2.70 2.80 2.90 3.00 3.10 3.20 3.30 3.40
DISTANCE2:  2.10 2.20 2.30 2.40 2.50 2.60 2.70 2.80 2.90 3.00 3.10 3.20 3.30 3.40 3.50
FREQUENCY:     0    0    0    0    0   20   41  153  174  262  260  373  423  432  450


<< end of ENERGY.
iupac_m_397W> Atoms were not swapped because of the uncertainty of how to handle the H atom.
iupac_m_397W> Atoms were not swapped because of the uncertainty of how to handle the H atom.
iupac_m_397W> Atoms were not swapped because of the uncertainty of how to handle the H atom.
>> Model assessment by DOPE potential
iatmcls_286W> MODEL atom not classified:  GLY:OXT  GLY


>> ENERGY; Differences between the model's features and restraints:
Number of all residues in MODEL                   :      335
Number of all, selected real atoms                :     2605    2605
Number of all, selected pseudo atoms              :        0       0
Number of all static, selected restraints         :    28691   28691
COVALENT_CYS                                      :        F
NONBONDED_SEL_ATOMS                               :        1
Number of non-bonded pairs (excluding 1-2,1-3,1-4):   528977
Dynamic pairs routine                             : 1, NATM x NATM double loop
Atomic shift for contacts update (UPDATE_DYNAMIC) :    0.390
LENNARD_JONES_SWITCH                              :    6.500   7.500
COULOMB_JONES_SWITCH                              :    6.500   7.500
RESIDUE_SPAN_RANGE                                :        1    9999
NLOGN_USE                                         :       15
CONTACT_SHELL                                     :   15.000
DYNAMIC_PAIRS,_SPHERE,_COULOMB,_LENNARD,_MODELLER :        T       F       F       F       T
SPHERE_STDV                                       :    0.050
RADII_FACTOR                                      :    0.820
Current energy                                    :      -37989.0820




<< end of ENERGY.
DOPE score               : -37989.082031
>> Model assessment by GA341 potential

Surface library          : /usr/lib/modeller10.1/modlib/surf5.de
Pair library             : /usr/lib/modeller10.1/modlib/pair9.de
Chain identifier         : _
% sequence identity      :    44.025002
Sequence length          :          335
Compactness              :     0.408353
Native energy (pair)     :  -231.099506
Native energy (surface)  :   -16.497728
Native energy (combined) :    -7.473782
Z score (pair)           :    -7.682623
Z score (surface)        :    -7.000703
Z score (combined)       :    -9.549815
GA341 score              :     1.000000



>> ENERGY; Differences between the model's features and restraints:
Number of all residues in MODEL                   :      335
Number of all, selected real atoms                :     2605    2605
Number of all, selected pseudo atoms              :        0       0
Number of all static, selected restraints         :    28691   28691
COVALENT_CYS                                      :        F
NONBONDED_SEL_ATOMS                               :        1
Number of non-bonded pairs (excluding 1-2,1-3,1-4):     5821
Dynamic pairs routine                             : 2, NATM x NATM cell sorting
Atomic shift for contacts update (UPDATE_DYNAMIC) :    0.390
LENNARD_JONES_SWITCH                              :    6.500   7.500
COULOMB_JONES_SWITCH                              :    6.500   7.500
RESIDUE_SPAN_RANGE                                :        0   99999
NLOGN_USE                                         :       15
CONTACT_SHELL                                     :    4.000
DYNAMIC_PAIRS,_SPHERE,_COULOMB,_LENNARD,_MODELLER :        T       T       F       F       F
SPHERE_STDV                                       :    0.050
RADII_FACTOR                                      :    0.820
Current energy                                    :        1935.9330





Summary of the restraint violations: 

   NUM     ... number of restraints.
   NUMVI   ... number of restraints with RVIOL > VIOL_REPORT_CUT[i].
   RVIOL   ... relative difference from the best value.
   NUMVP   ... number of restraints with -Ln(pdf) > VIOL_REPORT_CUT2[i].
   RMS_1   ... RMS(feature, minimally_violated_basis_restraint, NUMB).
   RMS_2   ... RMS(feature, best_value, NUMB).
   MOL.PDF ... scaled contribution to -Ln(Molecular pdf).

 #                     RESTRAINT_GROUP      NUM   NUMVI  NUMVP   RMS_1   RMS_2         MOL.PDF     S_i
------------------------------------------------------------------------------------------------------
 1 Bond length potential              :    2671       0      0   0.005   0.005      22.155       1.000
 2 Bond angle potential               :    3625       1     11   2.084   2.084      310.12       1.000
 3 Stereochemical cosine torsion poten:    1743       0     45  46.309  46.309      576.47       1.000
 4 Stereochemical improper torsion pot:    1121       0      0   1.182   1.182      35.327       1.000
 5 Soft-sphere overlap restraints     :    5821       0      0   0.004   0.004      9.2521       1.000
 6 Lennard-Jones 6-12 potential       :       0       0      0   0.000   0.000      0.0000       1.000
 7 Coulomb point-point electrostatic p:       0       0      0   0.000   0.000      0.0000       1.000
 8 H-bonding potential                :       0       0      0   0.000   0.000      0.0000       1.000
 9 Distance restraints 1 (CA-CA)      :    6944       0      4   0.242   0.242      172.86       1.000
10 Distance restraints 2 (N-O)        :    6944       1     11   0.304   0.304      272.07       1.000
11 Mainchain Phi dihedral restraints  :       0       0      0   0.000   0.000      0.0000       1.000
12 Mainchain Psi dihedral restraints  :       0       0      0   0.000   0.000      0.0000       1.000
13 Mainchain Omega dihedral restraints:     334       2     11   5.292   5.292      109.63       1.000
14 Sidechain Chi_1 dihedral restraints:     279       0      2  70.664  70.664      47.874       1.000
15 Sidechain Chi_2 dihedral restraints:     214       0      2  75.203  75.203      75.561       1.000
16 Sidechain Chi_3 dihedral restraints:      84       0      0  80.410  80.410      56.757       1.000
17 Sidechain Chi_4 dihedral restraints:      32       0      0  84.821  84.821      22.669       1.000
18 Disulfide distance restraints      :       0       0      0   0.000   0.000      0.0000       1.000
19 Disulfide angle restraints         :       0       0      0   0.000   0.000      0.0000       1.000
20 Disulfide dihedral angle restraints:       0       0      0   0.000   0.000      0.0000       1.000
21 Lower bound distance restraints    :       0       0      0   0.000   0.000      0.0000       1.000
22 Upper bound distance restraints    :       0       0      0   0.000   0.000      0.0000       1.000
23 Distance restraints 3 (SDCH-MNCH)  :    3170       0      1   0.374   0.374      53.100       1.000
24 Sidechain Chi_5 dihedral restraints:       0       0      0   0.000   0.000      0.0000       1.000
25 Phi/Psi pair of dihedral restraints:     333      26     39  25.206  47.927      99.193       1.000
26 Distance restraints 4 (SDCH-SDCH)  :    1197       0      1   0.836   0.836      72.896       1.000
27 Distance restraints 5 (X-Y)        :       0       0      0   0.000   0.000      0.0000       1.000
28 NMR distance restraints 6 (X-Y)    :       0       0      0   0.000   0.000      0.0000       1.000
29 NMR distance restraints 7 (X-Y)    :       0       0      0   0.000   0.000      0.0000       1.000
30 Minimal distance restraints        :       0       0      0   0.000   0.000      0.0000       1.000
31 Non-bonded restraints              :       0       0      0   0.000   0.000      0.0000       1.000
32 Atomic accessibility restraints    :       0       0      0   0.000   0.000      0.0000       1.000
33 Atomic density restraints          :       0       0      0   0.000   0.000      0.0000       1.000
34 Absolute position restraints       :       0       0      0   0.000   0.000      0.0000       1.000
35 Dihedral angle difference restraint:       0       0      0   0.000   0.000      0.0000       1.000
36 GBSA implicit solvent potential    :       0       0      0   0.000   0.000      0.0000       1.000
37 EM density fitting potential       :       0       0      0   0.000   0.000      0.0000       1.000
38 SAXS restraints                    :       0       0      0   0.000   0.000      0.0000       1.000
39 Symmetry restraints                :       0       0      0   0.000   0.000      0.0000       1.000



# Heavy relative violation of each residue is written to: Model.V99990003
# The profile is NOT normalized by the number of restraints.
# The profiles are smoothed over a window of residues:    1
# The sum of all numbers in the file:   32132.8125



List of the violated restraints:
   A restraint is violated when the relative difference
   from the best value (RVIOL) is larger than CUTOFF.

   ICSR   ... index of a restraint in the current set.
   RESNO  ... residue numbers of the first two atoms.
   ATM    ... IUPAC atom names of the first two atoms.
   FEAT   ... the value of the feature in the model.
   restr  ... the mean of the basis restraint with the smallest
              difference from the model (local minimum).
   viol   ... difference from the local minimum.
   rviol  ... relative difference from the local minimum.
   RESTR  ... the best value (global minimum).
   VIOL   ... difference from the best value.
   RVIOL  ... relative difference from the best value.


-------------------------------------------------------------------------------------------------

Feature 13                           : Mainchain Omega dihedral restraints     
List of the RVIOL violations larger than   :       4.5000

    #   ICSR  RESNO1/2 ATM1/2   INDATM1/2    FEAT   restr    viol   rviol   RESTR    VIOL   RVIOL
    1   9536  43P  43P CA  C     325  329 -152.18 -180.00   27.82    5.56 -180.00   27.82    5.56

-------------------------------------------------------------------------------------------------

Feature 25                           : Phi/Psi pair of dihedral restraints     
List of the RVIOL violations larger than   :       6.5000

    #   ICSR  RESNO1/2 ATM1/2   INDATM1/2    FEAT   restr    viol   rviol   RESTR    VIOL   RVIOL
    1   9191  31G  32D C   N     225  227  -75.57  -96.50   61.19    2.58  -63.30   97.48   11.34
    1         32D  32D N   CA    227  228   56.71  114.20                  -40.00
    2   9202  42I  43P C   N     322  324  -57.47  -64.50   25.08    2.25  -58.70  158.23   12.98
    2         43P  43P N   CA    324  325  171.28  147.20                  -30.50
    3   9203  43P  44P C   N     329  331   -8.23  -58.70   93.49   11.72  -58.70   93.49   11.72
    3         44P  44P N   CA    331  332   48.21  -30.50                  -30.50
    4   9251  91L  92K C   N     687  689 -119.31 -118.00    7.90    0.36  -62.90 -178.69   26.90
    4         92K  92K N   CA    689  690  146.89  139.10                  -40.80
    5   9254  94G  95Q C   N     707  709 -107.65 -121.10   41.85    1.73  -63.80  147.06   19.62
    5         95Q  95Q N   CA    709  710  100.07  139.70                  -40.30
    6   9256  96V  97R C   N     723  725 -112.62 -125.20   22.84    1.27  -63.00  166.79   25.96
    6         97R  97R N   CA    725  726  159.67  140.60                  -41.10
    7   9257  97R  98A C   N     734  736 -148.32 -134.00   37.84    1.71  -62.50  161.73   31.07
    7         98A  98A N   CA    736  737 -177.98  147.00                  -40.90
    8   9259  99D 100L C   N     747  749  -73.01  -70.70   22.38    1.61  -63.50  155.23   22.11
    8        100L 100L N   CA    749  750  163.86  141.60                  -41.20
    9   9261 101I 102S C   N     763  765  -75.11  -72.40    2.71    0.19  -64.10  172.82   13.21
    9        102S 102S N   CA    765  766  152.53  152.40                  -35.00
   10   9262 102S 103S C   N     769  771 -167.06 -136.60   41.54    2.30  -64.10 -171.45   12.87
   10        103S 103S N   CA    771  772  122.96  151.20                  -35.00
   11   9263 103S 104N C   N     775  777  169.63 -119.90  128.77    4.09  -63.20  147.20   24.20
   11        104N 104N N   CA    777  778 -115.22  137.00                  -41.10
   12   9301 141L 142H C   N    1068 1070 -102.03  -63.20   81.34    8.65  -63.20   81.34    8.65
   12        142H 142H N   CA   1070 1071   29.17  -42.30                  -42.30
   13   9361 201K 202E C   N    1540 1542  -62.35  -63.60    7.48    1.07   54.60  139.11   18.19
   13        202E 202E N   CA   1542 1543  -32.93  -40.30                   42.40
   14   9364 204K 205T C   N    1562 1564  -63.73  -78.10   25.94    0.86  -63.20  170.31   21.81
   14        205T 205T N   CA   1564 1565  128.21  149.80                  -42.10
   15   9365 205T 206Q C   N    1569 1571   22.03  -63.80  121.35   21.84  -63.80  121.35   21.84
   15        206Q 206Q N   CA   1571 1572   45.49  -40.30                  -40.30
   16   9366 206Q 207K C   N    1578 1580 -145.67 -118.00   62.75    3.25  -70.20   94.95    7.92
   16        207K 207K N   CA   1580 1581   82.79  139.10                  140.40
   17   9379 219D 220T C   N    1688 1690 -116.05  -63.20   53.56    8.78  -63.20   53.56    8.78
   17        220T 220T N   CA   1690 1691  -50.80  -42.10                  -42.10
   18   9432 272P 273E C   N    2098 2100  -54.18  -63.60   57.94    8.25  -63.60   57.94    8.25
   18        273E 273E N   CA   2100 2101   16.87  -40.30                  -40.30
   19   9435 275N 276P C   N    2119 2121  -49.33  -58.70   19.57    2.37  -64.50  161.23   11.25
   19        276P 276P N   CA   2121 2122  -13.32  -30.50                  147.20
   20   9436 276P 277Y C   N    2126 2128  -58.09  -63.50   16.75    2.93   55.90  132.24   16.30
   20        277Y 277Y N   CA   2128 2129  -27.55  -43.40                   39.50
   21   9453 293K 294E C   N    2257 2259 -175.51 -117.80   62.29    2.88  -63.60 -169.91   22.04
   21        294E 294E N   CA   2259 2260  113.35  136.80                  -40.30
   22   9460 300V 301E C   N    2311 2313  -74.42  -63.60   13.97    2.39  -69.30  168.43   12.68
   22        301E 301E N   CA   2313 2314  -49.14  -40.30                  142.50
   23   9461 301E 302G C   N    2320 2322  -63.36  -62.40   10.86    1.58   82.20  150.67   11.26
   23        302G 302G N   CA   2322 2323  -30.38  -41.20                    8.50
   24   9485 325E 326I C   N    2534 2536  -74.23  -63.40   13.08    2.47 -120.60 -175.31   12.31
   24        326I 326I N   CA   2536 2537  -50.93  -43.60                  130.30
   25   9491 331L 332A C   N    2581 2583   71.04   55.40   22.37    1.16  -62.50  147.70   30.01
   25        332A 332A N   CA   2583 2584   22.21   38.20                  -40.90
   26   9493 333Q 334G C   N    2595 2597 -124.65 -167.20   43.29    0.67   82.20 -139.87   16.83
   26        334G 334G N   CA   2597 2598  166.62  174.60                    8.50


report______> Distribution of short non-bonded contacts:


DISTANCE1:  0.00 2.10 2.20 2.30 2.40 2.50 2.60 2.70 2.80 2.90 3.00 3.10 3.20 3.30 3.40
DISTANCE2:  2.10 2.20 2.30 2.40 2.50 2.60 2.70 2.80 2.90 3.00 3.10 3.20 3.30 3.40 3.50
FREQUENCY:     0    0    0    0    0   25   48  145  194  262  272  330  434  427  454


<< end of ENERGY.
iupac_m_397W> Atoms were not swapped because of the uncertainty of how to handle the H atom.
iupac_m_397W> Atoms were not swapped because of the uncertainty of how to handle the H atom.
iupac_m_397W> Atoms were not swapped because of the uncertainty of how to handle the H atom.
>> Model assessment by DOPE potential
iatmcls_286W> MODEL atom not classified:  GLY:OXT  GLY


>> ENERGY; Differences between the model's features and restraints:
Number of all residues in MODEL                   :      335
Number of all, selected real atoms                :     2605    2605
Number of all, selected pseudo atoms              :        0       0
Number of all static, selected restraints         :    28691   28691
COVALENT_CYS                                      :        F
NONBONDED_SEL_ATOMS                               :        1
Number of non-bonded pairs (excluding 1-2,1-3,1-4):   530747
Dynamic pairs routine                             : 1, NATM x NATM double loop
Atomic shift for contacts update (UPDATE_DYNAMIC) :    0.390
LENNARD_JONES_SWITCH                              :    6.500   7.500
COULOMB_JONES_SWITCH                              :    6.500   7.500
RESIDUE_SPAN_RANGE                                :        1    9999
NLOGN_USE                                         :       15
CONTACT_SHELL                                     :   15.000
DYNAMIC_PAIRS,_SPHERE,_COULOMB,_LENNARD,_MODELLER :        T       F       F       F       T
SPHERE_STDV                                       :    0.050
RADII_FACTOR                                      :    0.820
Current energy                                    :      -37693.4883




<< end of ENERGY.
DOPE score               : -37693.488281
>> Model assessment by GA341 potential

Surface library          : /usr/lib/modeller10.1/modlib/surf5.de
Pair library             : /usr/lib/modeller10.1/modlib/pair9.de
Chain identifier         : _
% sequence identity      :    44.025002
Sequence length          :          335
Compactness              :     0.396554
Native energy (pair)     :  -260.440765
Native energy (surface)  :   -17.053382
Native energy (combined) :    -8.392074
Z score (pair)           :    -8.367124
Z score (surface)        :    -7.255805
Z score (combined)       :   -10.110337
GA341 score              :     1.000000



>> ENERGY; Differences between the model's features and restraints:
Number of all residues in MODEL                   :      335
Number of all, selected real atoms                :     2605    2605
Number of all, selected pseudo atoms              :        0       0
Number of all static, selected restraints         :    28691   28691
COVALENT_CYS                                      :        F
NONBONDED_SEL_ATOMS                               :        1
Number of non-bonded pairs (excluding 1-2,1-3,1-4):     5942
Dynamic pairs routine                             : 2, NATM x NATM cell sorting
Atomic shift for contacts update (UPDATE_DYNAMIC) :    0.390
LENNARD_JONES_SWITCH                              :    6.500   7.500
COULOMB_JONES_SWITCH                              :    6.500   7.500
RESIDUE_SPAN_RANGE                                :        0   99999
NLOGN_USE                                         :       15
CONTACT_SHELL                                     :    4.000
DYNAMIC_PAIRS,_SPHERE,_COULOMB,_LENNARD,_MODELLER :        T       T       F       F       F
SPHERE_STDV                                       :    0.050
RADII_FACTOR                                      :    0.820
Current energy                                    :        1882.1959





Summary of the restraint violations: 

   NUM     ... number of restraints.
   NUMVI   ... number of restraints with RVIOL > VIOL_REPORT_CUT[i].
   RVIOL   ... relative difference from the best value.
   NUMVP   ... number of restraints with -Ln(pdf) > VIOL_REPORT_CUT2[i].
   RMS_1   ... RMS(feature, minimally_violated_basis_restraint, NUMB).
   RMS_2   ... RMS(feature, best_value, NUMB).
   MOL.PDF ... scaled contribution to -Ln(Molecular pdf).

 #                     RESTRAINT_GROUP      NUM   NUMVI  NUMVP   RMS_1   RMS_2         MOL.PDF     S_i
------------------------------------------------------------------------------------------------------
 1 Bond length potential              :    2671       0      0   0.005   0.005      20.055       1.000
 2 Bond angle potential               :    3625       0      8   2.047   2.047      298.74       1.000
 3 Stereochemical cosine torsion poten:    1743       0     45  46.206  46.206      568.34       1.000
 4 Stereochemical improper torsion pot:    1121       0      0   1.199   1.199      36.485       1.000
 5 Soft-sphere overlap restraints     :    5942       0      0   0.003   0.003      5.4736       1.000
 6 Lennard-Jones 6-12 potential       :       0       0      0   0.000   0.000      0.0000       1.000
 7 Coulomb point-point electrostatic p:       0       0      0   0.000   0.000      0.0000       1.000
 8 H-bonding potential                :       0       0      0   0.000   0.000      0.0000       1.000
 9 Distance restraints 1 (CA-CA)      :    6944       0      5   0.258   0.258      154.32       1.000
10 Distance restraints 2 (N-O)        :    6944       1     26   0.327   0.327      311.54       1.000
11 Mainchain Phi dihedral restraints  :       0       0      0   0.000   0.000      0.0000       1.000
12 Mainchain Psi dihedral restraints  :       0       0      0   0.000   0.000      0.0000       1.000
13 Mainchain Omega dihedral restraints:     334       1      7   4.908   4.908      94.207       1.000
14 Sidechain Chi_1 dihedral restraints:     279       0      0  69.417  69.417      47.170       1.000
15 Sidechain Chi_2 dihedral restraints:     214       0      1  75.236  75.236      82.539       1.000
16 Sidechain Chi_3 dihedral restraints:      84       0      0  70.145  70.145      49.033       1.000
17 Sidechain Chi_4 dihedral restraints:      32       0      0  67.058  67.058      17.546       1.000
18 Disulfide distance restraints      :       0       0      0   0.000   0.000      0.0000       1.000
19 Disulfide angle restraints         :       0       0      0   0.000   0.000      0.0000       1.000
20 Disulfide dihedral angle restraints:       0       0      0   0.000   0.000      0.0000       1.000
21 Lower bound distance restraints    :       0       0      0   0.000   0.000      0.0000       1.000
22 Upper bound distance restraints    :       0       0      0   0.000   0.000      0.0000       1.000
23 Distance restraints 3 (SDCH-MNCH)  :    3170       0      0   0.362   0.362      44.168       1.000
24 Sidechain Chi_5 dihedral restraints:       0       0      0   0.000   0.000      0.0000       1.000
25 Phi/Psi pair of dihedral restraints:     333      31     38  26.775  51.839      62.889       1.000
26 Distance restraints 4 (SDCH-SDCH)  :    1197       0      0   0.875   0.875      89.687       1.000
27 Distance restraints 5 (X-Y)        :       0       0      0   0.000   0.000      0.0000       1.000
28 NMR distance restraints 6 (X-Y)    :       0       0      0   0.000   0.000      0.0000       1.000
29 NMR distance restraints 7 (X-Y)    :       0       0      0   0.000   0.000      0.0000       1.000
30 Minimal distance restraints        :       0       0      0   0.000   0.000      0.0000       1.000
31 Non-bonded restraints              :       0       0      0   0.000   0.000      0.0000       1.000
32 Atomic accessibility restraints    :       0       0      0   0.000   0.000      0.0000       1.000
33 Atomic density restraints          :       0       0      0   0.000   0.000      0.0000       1.000
34 Absolute position restraints       :       0       0      0   0.000   0.000      0.0000       1.000
35 Dihedral angle difference restraint:       0       0      0   0.000   0.000      0.0000       1.000
36 GBSA implicit solvent potential    :       0       0      0   0.000   0.000      0.0000       1.000
37 EM density fitting potential       :       0       0      0   0.000   0.000      0.0000       1.000
38 SAXS restraints                    :       0       0      0   0.000   0.000      0.0000       1.000
39 Symmetry restraints                :       0       0      0   0.000   0.000      0.0000       1.000



# Heavy relative violation of each residue is written to: Model.V99990004
# The profile is NOT normalized by the number of restraints.
# The profiles are smoothed over a window of residues:    1
# The sum of all numbers in the file:   31391.9980



List of the violated restraints:
   A restraint is violated when the relative difference
   from the best value (RVIOL) is larger than CUTOFF.

   ICSR   ... index of a restraint in the current set.
   RESNO  ... residue numbers of the first two atoms.
   ATM    ... IUPAC atom names of the first two atoms.
   FEAT   ... the value of the feature in the model.
   restr  ... the mean of the basis restraint with the smallest
              difference from the model (local minimum).
   viol   ... difference from the local minimum.
   rviol  ... relative difference from the local minimum.
   RESTR  ... the best value (global minimum).
   VIOL   ... difference from the best value.
   RVIOL  ... relative difference from the best value.


-------------------------------------------------------------------------------------------------

Feature 25                           : Phi/Psi pair of dihedral restraints     
List of the RVIOL violations larger than   :       6.5000

    #   ICSR  RESNO1/2 ATM1/2   INDATM1/2    FEAT   restr    viol   rviol   RESTR    VIOL   RVIOL
    1   9191  31G  32D C   N     225  227  -75.03  -96.50   68.22    2.87  -63.30   90.21   10.48
    1         32D  32D N   CA    227  228   49.45  114.20                  -40.00
    2   9251  91L  92K C   N     687  689 -109.59 -118.00    9.95    0.47  -62.90 -179.08   26.26
    2         92K  92K N   CA    689  690  144.41  139.10                  -40.80
    3   9252  92K  93P C   N     696  698  -65.02  -58.70    7.34    0.66  -64.50  173.98   13.01
    3         93P  93P N   CA    698  699  -26.78  -30.50                  147.20
    4   9253  93P  94G C   N     703  705  -64.21  -62.40    2.79    0.39   82.20  153.95   11.66
    4         94G  94G N   CA    705  706  -39.08  -41.20                    8.50
    5   9254  94G  95Q C   N     707  709  -99.89 -121.10   45.56    1.73  -63.80  144.26   19.51
    5         95Q  95Q N   CA    709  710   99.37  139.70                  -40.30
    6   9256  96V  97R C   N     723  725   43.28   57.30   51.26    2.58  -63.00  166.68   29.35
    6         97R  97R N   CA    725  726   87.31   38.00                  -41.10
    7   9257  97R  98A C   N     734  736  -62.10  -68.20   43.67    3.30  -62.50  142.96   23.45
    7         98A  98A N   CA    736  737  102.06  145.30                  -40.90
    8   9258  98A  99D C   N     739  741 -170.35  -96.50   80.00    3.30  -63.30 -154.80   32.16
    8         99D  99D N   CA    741  742  144.95  114.20                  -40.00
    9   9260 100L 101I C   N     755  757  -66.01  -63.40    7.64    1.18 -120.60  175.43    8.04
    9        101I 101I N   CA    757  758  -36.42  -43.60                  130.30
   10   9261 101I 102S C   N     763  765  -59.99  -72.40   35.14    2.49  -64.10  139.78    9.89
   10        102S 102S N   CA    765  766 -174.72  152.40                  -35.00
   11   9262 102S 103S C   N     769  771  -85.17  -72.40   48.75    2.46  -64.10  127.31   10.62
   11        103S 103S N   CA    771  772 -160.55  152.40                  -35.00
   12   9301 141L 142H C   N    1068 1070 -102.47  -63.20   75.47    8.03  -63.20   75.47    8.03
   12        142H 142H N   CA   1070 1071   22.14  -42.30                  -42.30
   13   9303 143A 144K C   N    1083 1085  -56.40  -62.90   30.25    3.62  -70.20  149.89   11.18
   13        144K 144K N   CA   1085 1086  -70.35  -40.80                  140.40
   14   9304 144K 145N C   N    1092 1094  -60.00  -63.20   17.31    2.35   55.90  132.19   16.31
   14        145N 145N N   CA   1094 1095  -24.08  -41.10                   39.50
   15   9359 199F 200T C   N    1524 1526  139.25 -124.80  125.61    4.25  -63.20 -176.88   31.55
   15        200T 200T N   CA   1526 1527 -135.43  143.50                  -42.10
   16   9361 201K 202E C   N    1540 1542  143.23 -117.80  100.43    3.29   54.60  142.39   17.41
   16        202E 202E N   CA   1542 1543  153.84  136.80                   42.40
   17   9364 204K 205T C   N    1562 1564  -78.56  -78.10   16.56    0.69  -63.20  152.33   20.55
   17        205T 205T N   CA   1564 1565  166.35  149.80                  -42.10
   18   9365 205T 206Q C   N    1569 1571   57.40  -63.80  140.67   25.52  -63.80  140.67   25.52
   18        206Q 206Q N   CA   1571 1572   31.11  -40.30                  -40.30
   19   9366 206Q 207K C   N    1578 1580   32.86  -70.20  120.82    9.99  -70.20  120.82    9.99
   19        207K 207K N   CA   1580 1581 -156.54  140.40                  140.40
   20   9386 226G 227H C   N    1747 1749  -97.75  -63.20   72.52    7.71  -63.20   72.52    7.71
   20        227H 227H N   CA   1749 1750   21.46  -42.30                  -42.30
   21   9420 260A 261P C   N    2016 2018  -62.88  -58.70    9.63    1.13  -64.50  173.64   13.04
   21        261P 261P N   CA   2018 2019  -39.17  -30.50                  147.20
   22   9421 261P 262G C   N    2023 2025  -72.66  -62.40   21.14    2.87   82.20  157.98   11.58
   22        262G 262G N   CA   2025 2026  -22.72  -41.20                    8.50
   23   9430 270P 271V C   N    2084 2086  -99.46  -73.50   78.73    6.93  -73.50   78.73    6.93
   23        271V 271V N   CA   2086 2087   64.88  139.20                  139.20
   24   9431 271V 272P C   N    2091 2093  -76.31  -58.70   26.38    1.76  -64.50  158.50   12.46
   24        272P 272P N   CA   2093 2094  -10.86  -30.50                  147.20
   25   9434 274G 275N C   N    2111 2113 -159.18 -119.90   39.47    1.73  -71.20   88.51    6.64
   25        275N 275N N   CA   2113 2114  133.14  137.00                  142.80
   26   9435 275N 276P C   N    2119 2121  -77.89  -58.70   21.15    2.98  -64.50  173.93   12.29
   26        276P 276P N   CA   2121 2122  -39.39  -30.50                  147.20
   27   9436 276P 277Y C   N    2126 2128 -175.13 -124.30   64.23    5.29   55.90  140.86   17.37
   27        277Y 277Y N   CA   2128 2129   96.14  135.40                   39.50
   28   9453 293K 294E C   N    2257 2259 -179.00 -117.80   64.33    2.86  -63.60 -164.92   22.63
   28        294E 294E N   CA   2259 2260  116.98  136.80                  -40.30
   29   9485 325E 326I C   N    2534 2536  -72.55  -63.40   13.46    2.52 -120.60 -177.34   12.26
   29        326I 326I N   CA   2536 2537  -53.47  -43.60                  130.30
   30   9491 331L 332A C   N    2581 2583   68.93   55.40   15.88    1.14  -62.50  149.27   30.36
   30        332A 332A N   CA   2583 2584   29.88   38.20                  -40.90
   31   9493 333Q 334G C   N    2595 2597  -87.44  -80.20    8.12    0.60   82.20 -125.49    7.53
   31        334G 334G N   CA   2597 2598  170.42  174.10                    8.50


report______> Distribution of short non-bonded contacts:


DISTANCE1:  0.00 2.10 2.20 2.30 2.40 2.50 2.60 2.70 2.80 2.90 3.00 3.10 3.20 3.30 3.40
DISTANCE2:  2.10 2.20 2.30 2.40 2.50 2.60 2.70 2.80 2.90 3.00 3.10 3.20 3.30 3.40 3.50
FREQUENCY:     0    0    0    0    0   24   39  156  190  283  275  374  445  440  414


<< end of ENERGY.
iupac_m_397W> Atoms were not swapped because of the uncertainty of how to handle the H atom.
iupac_m_397W> Atoms were not swapped because of the uncertainty of how to handle the H atom.
>> Model assessment by DOPE potential
iatmcls_286W> MODEL atom not classified:  GLY:OXT  GLY


>> ENERGY; Differences between the model's features and restraints:
Number of all residues in MODEL                   :      335
Number of all, selected real atoms                :     2605    2605
Number of all, selected pseudo atoms              :        0       0
Number of all static, selected restraints         :    28691   28691
COVALENT_CYS                                      :        F
NONBONDED_SEL_ATOMS                               :        1
Number of non-bonded pairs (excluding 1-2,1-3,1-4):   528973
Dynamic pairs routine                             : 1, NATM x NATM double loop
Atomic shift for contacts update (UPDATE_DYNAMIC) :    0.390
LENNARD_JONES_SWITCH                              :    6.500   7.500
COULOMB_JONES_SWITCH                              :    6.500   7.500
RESIDUE_SPAN_RANGE                                :        1    9999
NLOGN_USE                                         :       15
CONTACT_SHELL                                     :   15.000
DYNAMIC_PAIRS,_SPHERE,_COULOMB,_LENNARD,_MODELLER :        T       F       F       F       T
SPHERE_STDV                                       :    0.050
RADII_FACTOR                                      :    0.820
Current energy                                    :      -37406.7773




<< end of ENERGY.
DOPE score               : -37406.777344
>> Model assessment by GA341 potential

Surface library          : /usr/lib/modeller10.1/modlib/surf5.de
Pair library             : /usr/lib/modeller10.1/modlib/pair9.de
Chain identifier         : _
% sequence identity      :    44.025002
Sequence length          :          335
Compactness              :     0.409454
Native energy (pair)     :  -247.235434
Native energy (surface)  :   -16.126491
Native energy (combined) :    -7.863252
Z score (pair)           :    -8.066209
Z score (surface)        :    -7.107821
Z score (combined)       :    -9.883633
GA341 score              :     1.000000



>> ENERGY; Differences between the model's features and restraints:
Number of all residues in MODEL                   :      335
Number of all, selected real atoms                :     2605    2605
Number of all, selected pseudo atoms              :        0       0
Number of all static, selected restraints         :    28691   28691
COVALENT_CYS                                      :        F
NONBONDED_SEL_ATOMS                               :        1
Number of non-bonded pairs (excluding 1-2,1-3,1-4):     5933
Dynamic pairs routine                             : 2, NATM x NATM cell sorting
Atomic shift for contacts update (UPDATE_DYNAMIC) :    0.390
LENNARD_JONES_SWITCH                              :    6.500   7.500
COULOMB_JONES_SWITCH                              :    6.500   7.500
RESIDUE_SPAN_RANGE                                :        0   99999
NLOGN_USE                                         :       15
CONTACT_SHELL                                     :    4.000
DYNAMIC_PAIRS,_SPHERE,_COULOMB,_LENNARD,_MODELLER :        T       T       F       F       F
SPHERE_STDV                                       :    0.050
RADII_FACTOR                                      :    0.820
Current energy                                    :        1881.9995





Summary of the restraint violations: 

   NUM     ... number of restraints.
   NUMVI   ... number of restraints with RVIOL > VIOL_REPORT_CUT[i].
   RVIOL   ... relative difference from the best value.
   NUMVP   ... number of restraints with -Ln(pdf) > VIOL_REPORT_CUT2[i].
   RMS_1   ... RMS(feature, minimally_violated_basis_restraint, NUMB).
   RMS_2   ... RMS(feature, best_value, NUMB).
   MOL.PDF ... scaled contribution to -Ln(Molecular pdf).

 #                     RESTRAINT_GROUP      NUM   NUMVI  NUMVP   RMS_1   RMS_2         MOL.PDF     S_i
------------------------------------------------------------------------------------------------------
 1 Bond length potential              :    2671       0      0   0.005   0.005      22.120       1.000
 2 Bond angle potential               :    3625       1      5   2.014   2.014      288.62       1.000
 3 Stereochemical cosine torsion poten:    1743       0     49  46.831  46.831      586.35       1.000
 4 Stereochemical improper torsion pot:    1121       0      0   1.174   1.174      34.378       1.000
 5 Soft-sphere overlap restraints     :    5933       0      0   0.003   0.003      7.3264       1.000
 6 Lennard-Jones 6-12 potential       :       0       0      0   0.000   0.000      0.0000       1.000
 7 Coulomb point-point electrostatic p:       0       0      0   0.000   0.000      0.0000       1.000
 8 H-bonding potential                :       0       0      0   0.000   0.000      0.0000       1.000
 9 Distance restraints 1 (CA-CA)      :    6944       0      6   0.253   0.253      156.60       1.000
10 Distance restraints 2 (N-O)        :    6944       0      9   0.299   0.299      248.69       1.000
11 Mainchain Phi dihedral restraints  :       0       0      0   0.000   0.000      0.0000       1.000
12 Mainchain Psi dihedral restraints  :       0       0      0   0.000   0.000      0.0000       1.000
13 Mainchain Omega dihedral restraints:     334       2      4   4.742   4.742      87.881       1.000
14 Sidechain Chi_1 dihedral restraints:     279       0      1  72.118  72.118      54.100       1.000
15 Sidechain Chi_2 dihedral restraints:     214       0      1  72.889  72.889      76.181       1.000
16 Sidechain Chi_3 dihedral restraints:      84       0      0  72.530  72.530      57.282       1.000
17 Sidechain Chi_4 dihedral restraints:      32       0      0  72.958  72.958      20.337       1.000
18 Disulfide distance restraints      :       0       0      0   0.000   0.000      0.0000       1.000
19 Disulfide angle restraints         :       0       0      0   0.000   0.000      0.0000       1.000
20 Disulfide dihedral angle restraints:       0       0      0   0.000   0.000      0.0000       1.000
21 Lower bound distance restraints    :       0       0      0   0.000   0.000      0.0000       1.000
22 Upper bound distance restraints    :       0       0      0   0.000   0.000      0.0000       1.000
23 Distance restraints 3 (SDCH-MNCH)  :    3170       0      0   0.358   0.358      46.722       1.000
24 Sidechain Chi_5 dihedral restraints:       0       0      0   0.000   0.000      0.0000       1.000
25 Phi/Psi pair of dihedral restraints:     333      25     37  28.572  47.498      132.69       1.000
26 Distance restraints 4 (SDCH-SDCH)  :    1197       0      1   0.758   0.758      62.719       1.000
27 Distance restraints 5 (X-Y)        :       0       0      0   0.000   0.000      0.0000       1.000
28 NMR distance restraints 6 (X-Y)    :       0       0      0   0.000   0.000      0.0000       1.000
29 NMR distance restraints 7 (X-Y)    :       0       0      0   0.000   0.000      0.0000       1.000
30 Minimal distance restraints        :       0       0      0   0.000   0.000      0.0000       1.000
31 Non-bonded restraints              :       0       0      0   0.000   0.000      0.0000       1.000
32 Atomic accessibility restraints    :       0       0      0   0.000   0.000      0.0000       1.000
33 Atomic density restraints          :       0       0      0   0.000   0.000      0.0000       1.000
34 Absolute position restraints       :       0       0      0   0.000   0.000      0.0000       1.000
35 Dihedral angle difference restraint:       0       0      0   0.000   0.000      0.0000       1.000
36 GBSA implicit solvent potential    :       0       0      0   0.000   0.000      0.0000       1.000
37 EM density fitting potential       :       0       0      0   0.000   0.000      0.0000       1.000
38 SAXS restraints                    :       0       0      0   0.000   0.000      0.0000       1.000
39 Symmetry restraints                :       0       0      0   0.000   0.000      0.0000       1.000



# Heavy relative violation of each residue is written to: Model.V99990005
# The profile is NOT normalized by the number of restraints.
# The profiles are smoothed over a window of residues:    1
# The sum of all numbers in the file:   31197.2363



List of the violated restraints:
   A restraint is violated when the relative difference
   from the best value (RVIOL) is larger than CUTOFF.

   ICSR   ... index of a restraint in the current set.
   RESNO  ... residue numbers of the first two atoms.
   ATM    ... IUPAC atom names of the first two atoms.
   FEAT   ... the value of the feature in the model.
   restr  ... the mean of the basis restraint with the smallest
              difference from the model (local minimum).
   viol   ... difference from the local minimum.
   rviol  ... relative difference from the local minimum.
   RESTR  ... the best value (global minimum).
   VIOL   ... difference from the best value.
   RVIOL  ... relative difference from the best value.


-------------------------------------------------------------------------------------------------

Feature 13                           : Mainchain Omega dihedral restraints     
List of the RVIOL violations larger than   :       4.5000

    #   ICSR  RESNO1/2 ATM1/2   INDATM1/2    FEAT   restr    viol   rviol   RESTR    VIOL   RVIOL
    1   9765 272P 272P CA  C    2094 2098 -156.37 -180.00   23.63    4.72 -180.00   23.63    4.72
    2   9769 276P 276P CA  C    2122 2126 -154.11 -180.00   25.89    5.18 -180.00   25.89    5.18

-------------------------------------------------------------------------------------------------

Feature 25                           : Phi/Psi pair of dihedral restraints     
List of the RVIOL violations larger than   :       6.5000

    #   ICSR  RESNO1/2 ATM1/2   INDATM1/2    FEAT   restr    viol   rviol   RESTR    VIOL   RVIOL
    1   9191  31G  32D C   N     225  227  -75.81  -96.50   54.30    2.29  -63.30  104.74   12.22
    1         32D  32D N   CA    227  228   63.99  114.20                  -40.00
    2   9218  58D  59C C   N     445  447  -73.66  -63.00  129.04   15.04  -63.00  129.04   15.04
    2         59C  59C N   CA    447  448   87.50  -41.10                  -41.10
    3   9219  59C  60A C   N     451  453  -48.91  -62.50   24.03    4.66   55.40  119.98   14.23
    3         60A  60A N   CA    453  454  -21.08  -40.90                   38.20
    4   9249  89M  90P C   N     672  674  -69.95  -58.70   23.23    1.36  -64.50  157.47   12.04
    4         90P  90P N   CA    674  675  -10.17  -30.50                  147.20
    5   9251  91L  92K C   N     687  689 -121.83 -118.00   37.48    1.76  -62.90  154.49   23.59
    5         92K  92K N   CA    689  690  176.39  139.10                  -40.80
    6   9254  94G  95Q C   N     707  709 -140.05 -121.10   20.55    0.94  -63.80 -171.80   24.49
    6         95Q  95Q N   CA    709  710  131.76  139.70                  -40.30
    7   9256  96V  97R C   N     723  725 -129.61 -125.20   23.05    1.01  -63.00  169.33   27.44
    7         97R  97R N   CA    725  726  163.22  140.60                  -41.10
    8   9257  97R  98A C   N     734  736  -63.78  -68.20   29.72    2.24  -62.50  156.81   25.64
    8         98A  98A N   CA    736  737  115.91  145.30                  -40.90
    9   9258  98A  99D C   N     739  741 -118.59  -70.90   94.70    3.18  -63.30  103.83   16.34
    9         99D  99D N   CA    741  742 -127.88  150.30                  -40.00
   10   9261 101I 102S C   N     763  765   81.86 -136.60  141.55    5.60  -64.10 -133.57   17.05
   10        102S 102S N   CA    765  766  151.89  151.20                  -35.00
   11   9262 102S 103S C   N     769  771  176.92 -136.60   52.80    2.73  -64.10 -159.70   14.30
   11        103S 103S N   CA    771  772  126.14  151.20                  -35.00
   12   9263 103S 104N C   N     775  777  179.36  -63.20  117.55   18.02  -63.20  117.55   18.02
   12        104N 104N N   CA    777  778  -45.90  -41.10                  -41.10
   13   9301 141L 142H C   N    1068 1070  -99.35  -63.20   76.87    8.17  -63.20   76.87    8.17
   13        142H 142H N   CA   1070 1071   25.53  -42.30                  -42.30
   14   9314 154L 155S C   N    1172 1174 -129.02  -64.10   79.98    7.40  -64.10   79.98    7.40
   14        155S 155S N   CA   1174 1175   11.71  -35.00                  -35.00
   15   9359 199F 200T C   N    1524 1526   19.55  -78.10  109.94    5.08  -63.20  163.81   26.30
   15        200T 200T N   CA   1526 1527   99.28  149.80                  -42.10
   16   9360 200T 201K C   N    1531 1533   66.33   56.60   24.94    1.26  -62.90  141.02   24.61
   16        201K 201K N   CA   1533 1534   15.64   38.60                  -40.80
   17   9361 201K 202E C   N    1540 1542   64.40   54.60  114.10    9.56   54.60  114.10    9.56
   17        202E 202E N   CA   1542 1543  156.08   42.40                   42.40
   18   9366 206Q 207K C   N    1578 1580 -172.92 -118.00   61.61    2.04  -70.20  106.11    7.11
   18        207K 207K N   CA   1580 1581  167.02  139.10                  140.40
   19   9433 273E 274G C   N    2107 2109  -71.38  -62.40   10.11    1.91   82.20  162.91   12.41
   19        274G 274G N   CA   2109 2110  -45.85  -41.20                    8.50
   20   9434 274G 275N C   N    2111 2113   41.72   55.90   41.81    2.08  -71.20  129.78    7.62
   20        275N 275N N   CA   2113 2114   78.83   39.50                  142.80
   21   9452 292D 293K C   N    2248 2250  -80.50  -62.90   77.95    9.31  -62.90   77.95    9.31
   21        293K 293K N   CA   2250 2251   35.13  -40.80                  -40.80
   22   9453 293K 294E C   N    2257 2259   49.48   54.60   20.82    1.23  -63.60  152.88   26.05
   22        294E 294E N   CA   2259 2260   62.58   42.40                  -40.30
   23   9485 325E 326I C   N    2534 2536  -73.91  -63.40   16.07    2.99 -120.60 -179.91   12.06
   23        326I 326I N   CA   2536 2537  -55.76  -43.60                  130.30
   24   9491 331L 332A C   N    2581 2583   68.58   55.40   16.21    1.07  -62.50  148.44   30.19
   24        332A 332A N   CA   2583 2584   28.77   38.20                  -40.90
   25   9493 333Q 334G C   N    2595 2597 -148.90 -167.20   18.30    0.36   82.20 -149.49   15.66
   25        334G 334G N   CA   2597 2598  174.94  174.60                    8.50


report______> Distribution of short non-bonded contacts:


DISTANCE1:  0.00 2.10 2.20 2.30 2.40 2.50 2.60 2.70 2.80 2.90 3.00 3.10 3.20 3.30 3.40
DISTANCE2:  2.10 2.20 2.30 2.40 2.50 2.60 2.70 2.80 2.90 3.00 3.10 3.20 3.30 3.40 3.50
FREQUENCY:     0    0    0    0    0   19   44  151  194  311  267  342  407  470  430


<< end of ENERGY.

>> Summary of successfully produced models:
Filename                          molpdf     DOPE score    GA341 score
----------------------------------------------------------------------
Model.B99990001.pdb           1865.46082   -37943.95703        1.00000
Model.B99990002.pdb           1859.42700   -37809.74609        1.00000
Model.B99990003.pdb           1935.93298   -37989.08203        1.00000
Model.B99990004.pdb           1882.19592   -37693.48828        1.00000
Model.B99990005.pdb           1881.99951   -37406.77734        1.00000

Model.B99990003.pdb
Total CPU time [seconds]                                 :     100.57
